[1m============================= test session starts ==============================[0m
platform linux -- Python 3.11.8, pytest-8.4.2, pluggy-1.6.0 -- /home/lukeh/.pyenv/versions/3.11.8/bin/python
cachedir: .pytest_cache
rootdir: /home/lukeh/Daemon_RAG_Agent_working
configfile: pytest.ini
plugins: anyio-4.9.0, cov-7.0.0, asyncio-1.2.0
asyncio: mode=Mode.AUTO, debug=False, asyncio_default_fixture_loop_scope=None, asyncio_default_test_loop_scope=function
[1mcollecting ... [0mcollected 1446 items

tests/test_basic_pipeline.py::test_basic_pipeline [32mPASSED[0m[33m                 [  0%][0m
tests/test_competitive_scorer.py::test_extract_text_from_string [32mPASSED[0m[33m   [  0%][0m
tests/test_competitive_scorer.py::test_extract_text_from_dict_content [32mPASSED[0m[33m [  0%][0m
tests/test_competitive_scorer.py::test_extract_text_from_dict_text [32mPASSED[0m[33m [  0%][0m
tests/test_competitive_scorer.py::test_extract_text_from_dict_response [32mPASSED[0m[33m [  0%][0m
tests/test_competitive_scorer.py::test_extract_text_from_conversation [32mPASSED[0m[33m [  0%][0m
tests/test_competitive_scorer.py::test_apply_competitive_selection_basic [32mPASSED[0m[33m [  0%][0m
tests/test_competitive_scorer.py::test_apply_competitive_selection_respects_budget [32mPASSED[0m[33m [  0%][0m
tests/test_competitive_scorer.py::test_apply_competitive_selection_prioritizes_by_score [32mPASSED[0m[33m [  0%][0m
tests/test_competitive_scorer.py::test_apply_competitive_selection_with_multiple_fields [32mPASSED[0m[33m [  0%][0m
tests/test_competitive_scorer.py::test_apply_competitive_selection_empty_context [32mPASSED[0m[33m [  0%][0m
tests/test_competitive_scorer.py::test_apply_competitive_selection_preserves_wiki [32mPASSED[0m[33m [  0%][0m
tests/test_competitive_scorer.py::test_apply_competitive_selection_handles_missing_metadata [32mPASSED[0m[33m [  0%][0m
tests/test_competitive_scorer.py::test_apply_competitive_selection_tokenizer_fallback [32mPASSED[0m[33m [  0%][0m
tests/test_competitive_scorer.py::test_apply_competitive_selection_filters_short_text [32mPASSED[0m[33m [  1%][0m
tests/test_competitive_scorer.py::test_competitive_selection_value_per_token [32mPASSED[0m[33m [  1%][0m
tests/test_corpus_manager.py::test_corpus_manager_init [32mPASSED[0m[33m            [  1%][0m
tests/test_corpus_manager.py::test_add_entry [32mPASSED[0m[33m                      [  1%][0m
tests/test_corpus_manager.py::test_add_entry_with_timestamp [32mPASSED[0m[33m       [  1%][0m
tests/test_corpus_manager.py::test_get_recent_memories_empty [32mPASSED[0m[33m      [  1%][0m
tests/test_corpus_manager.py::test_get_recent_memories_with_data [32mPASSED[0m[33m  [  1%][0m
tests/test_corpus_manager.py::test_get_recent_memories_filters_summaries [32mPASSED[0m[33m [  1%][0m
tests/test_corpus_manager.py::test_add_summary [32mPASSED[0m[33m                    [  1%][0m
tests/test_corpus_manager.py::test_add_summary_with_timestamp [32mPASSED[0m[33m     [  1%][0m
tests/test_corpus_manager.py::test_get_summaries_empty [32mPASSED[0m[33m            [  1%][0m
tests/test_corpus_manager.py::test_get_summaries_returns_summaries [32mPASSED[0m[33m [  1%][0m
tests/test_corpus_manager.py::test_save_and_load_corpus [32mPASSED[0m[33m           [  1%][0m
tests/test_corpus_manager.py::test_clear_corpus_keep_summaries [32mPASSED[0m[33m    [  1%][0m
tests/test_corpus_manager.py::test_clear_corpus_delete_all [32mPASSED[0m[33m        [  2%][0m
tests/test_corpus_manager.py::test_prune_corpus [32mPASSED[0m[33m                   [  2%][0m
tests/test_corpus_manager.py::test_prune_corpus_preserve_summaries [32mPASSED[0m[33m [  2%][0m
tests/test_corpus_manager.py::test_get_summaries_of_type [32mPASSED[0m[33m          [  2%][0m
tests/test_corpus_manager.py::test_get_items_by_type [32mPASSED[0m[33m              [  2%][0m
tests/test_corpus_manager.py::test_clean_for_json [32mPASSED[0m[33m                 [  2%][0m
tests/test_corpus_manager.py::test_multiple_entries_ordering [32mPASSED[0m[33m      [  2%][0m
tests/test_corpus_manager.py::test_add_entry_with_empty_strings [32mPASSED[0m[33m   [  2%][0m
tests/test_corpus_manager.py::test_add_entry_with_none_response [32mPASSED[0m[33m   [  2%][0m
tests/test_corpus_manager.py::test_add_summary_empty_content [32mPASSED[0m[33m      [  2%][0m
tests/test_corpus_manager.py::test_corpus_persistence [32mPASSED[0m[33m             [  2%][0m
tests/test_corpus_manager.py::test_load_nonexistent_file [32mPASSED[0m[33m          [  2%][0m
tests/test_corpus_manager.py::test_save_requires_existing_directory [32mPASSED[0m[33m [  2%][0m
tests/test_corpus_manager_comprehensive.py::test_corpus_manager_initialization [32mPASSED[0m[33m [  2%][0m
tests/test_corpus_manager_comprehensive.py::test_add_entry_basic [32mPASSED[0m[33m  [  2%][0m
tests/test_corpus_manager_comprehensive.py::test_add_entry_with_tags [32mPASSED[0m[33m [  3%][0m
tests/test_corpus_manager_comprehensive.py::test_get_recent_memories_empty [32mPASSED[0m[33m [  3%][0m
tests/test_corpus_manager_comprehensive.py::test_get_recent_memories_zero_count [32mPASSED[0m[33m [  3%][0m
tests/test_corpus_manager_comprehensive.py::test_get_items_by_type_with_limit [32mPASSED[0m[33m [  3%][0m
tests/test_edge_cases_comprehensive.py::test_store_interaction_empty_strings [32mPASSED[0m[33m [  3%][0m
tests/test_edge_cases_comprehensive.py::test_store_interaction_very_long_text [32mPASSED[0m[33m [  3%][0m
tests/test_edge_cases_comprehensive.py::test_store_interaction_unicode_edge_cases [32mPASSED[0m[33m [  3%][0m
tests/test_edge_cases_comprehensive.py::test_store_interaction_special_chars [32mPASSED[0m[33m [  3%][0m
tests/test_edge_cases_comprehensive.py::test_get_memories_zero_limit [32mPASSED[0m[33m [  3%][0m
tests/test_edge_cases_comprehensive.py::test_get_memories_negative_limit [32mPASSED[0m[33m [  3%][0m
tests/test_edge_cases_comprehensive.py::test_get_memories_huge_limit [32mPASSED[0m[33m [  3%][0m
tests/test_edge_cases_comprehensive.py::test_get_memories_empty_query [32mPASSED[0m[33m [  3%][0m
tests/test_edge_cases_comprehensive.py::test_get_memories_unicode_query [32mPASSED[0m[33m [  3%][0m
tests/test_edge_cases_comprehensive.py::test_add_reflection_empty [32mPASSED[0m[33m [  3%][0m
tests/test_edge_cases_comprehensive.py::test_add_reflection_very_long [32mPASSED[0m[33m [  4%][0m
tests/test_edge_cases_comprehensive.py::test_add_reflection_with_all_params [32mPASSED[0m[33m [  4%][0m
tests/test_edge_cases_comprehensive.py::test_get_reflections_zero [32mPASSED[0m[33m [  4%][0m
tests/test_edge_cases_comprehensive.py::test_process_shutdown_memory_empty [32mPASSED[0m[33m [  4%][0m
tests/test_edge_cases_comprehensive.py::test_process_shutdown_memory_none [32mPASSED[0m[33m [  4%][0m
tests/test_edge_cases_comprehensive.py::test_run_shutdown_reflection_empty [32mPASSED[0m[33m [  4%][0m
tests/test_edge_cases_comprehensive.py::test_build_prompt_all_none [32mPASSED[0m[33m [  4%][0m
tests/test_edge_cases_comprehensive.py::test_build_prompt_very_long_input [32mPASSED[0m[33m [  4%][0m
tests/test_edge_cases_comprehensive.py::test_build_prompt_unicode_input [32mPASSED[0m[33m [  4%][0m
tests/test_edge_cases_comprehensive.py::test_build_prompt_special_model_name [32mPASSED[0m[33m [  4%][0m
tests/test_edge_cases_comprehensive.py::test_build_prompt_custom_personality [32mPASSED[0m[33m [  4%][0m
tests/test_edge_cases_comprehensive.py::test_build_prompt_with_search_query [32mPASSED[0m[33m [  4%][0m
tests/test_edge_cases_comprehensive.py::test_get_facts_empty_query [31mFAILED[0m[31m [  4%][0m
tests/test_edge_cases_comprehensive.py::test_get_facts_unicode [31mFAILED[0m[31m    [  4%][0m
tests/test_edge_cases_comprehensive.py::test_corpus_manager_nonexistent_file [32mPASSED[0m[31m [  4%][0m
tests/test_edge_cases_comprehensive.py::test_corpus_manager_add_entry_minimal [32mPASSED[0m[31m [  5%][0m
tests/test_edge_cases_comprehensive.py::test_corpus_manager_get_recent_zero [32mPASSED[0m[31m [  5%][0m
tests/test_edge_cases_comprehensive.py::test_corpus_manager_get_recent_negative [32mPASSED[0m[31m [  5%][0m
tests/test_edge_cases_comprehensive.py::test_corpus_manager_multiple_entries [32mPASSED[0m[31m [  5%][0m
tests/test_edge_cases_comprehensive.py::test_chroma_store_add_empty_text [32mPASSED[0m[31m [  5%][0m
tests/test_edge_cases_comprehensive.py::test_chroma_store_add_very_long_text [32mPASSED[0m[31m [  5%][0m
tests/test_edge_cases_comprehensive.py::test_chroma_store_query_nonexistent_collection [32mPASSED[0m[31m [  5%][0m
tests/test_edge_cases_comprehensive.py::test_chroma_store_add_with_unicode_metadata [32mPASSED[0m[31m [  5%][0m
tests/test_edge_cases_comprehensive.py::test_model_manager_stub_response [32mPASSED[0m[31m [  5%][0m
tests/test_edge_cases_comprehensive.py::test_model_manager_stub_response_long [32mPASSED[0m[31m [  5%][0m
tests/test_edge_cases_comprehensive.py::test_concurrent_store_interactions [32mPASSED[0m[31m [  5%][0m
tests/test_edge_cases_comprehensive.py::test_concurrent_get_memories [32mPASSED[0m[31m [  5%][0m
tests/test_edge_cases_comprehensive.py::test_concurrent_build_prompts [32mPASSED[0m[31m [  5%][0m
tests/test_fact_extractor_utils.py::TestUnitDetection::test_looks_like_units_lb [32mPASSED[0m[31m [  5%][0m
tests/test_fact_extractor_utils.py::TestUnitDetection::test_looks_like_units_kg [32mPASSED[0m[31m [  6%][0m
tests/test_fact_extractor_utils.py::TestUnitDetection::test_looks_like_units_pound [32mPASSED[0m[31m [  6%][0m
tests/test_fact_extractor_utils.py::TestUnitDetection::test_looks_like_units_negative [32mPASSED[0m[31m [  6%][0m
tests/test_fact_extractor_utils.py::TestUnitDetection::test_has_number_unit_basic [32mPASSED[0m[31m [  6%][0m
tests/test_fact_extractor_utils.py::TestUnitDetection::test_has_number_unit_various_formats [32mPASSED[0m[31m [  6%][0m
tests/test_fact_extractor_utils.py::TestUnitDetection::test_has_number_unit_no_match [32mPASSED[0m[31m [  6%][0m
tests/test_fact_extractor_utils.py::TestRelationHelpers::test_relation_allows_adj_color_relations [32mPASSED[0m[31m [  6%][0m
tests/test_fact_extractor_utils.py::TestRelationHelpers::test_relation_allows_adj_other_relations [32mPASSED[0m[31m [  6%][0m
tests/test_fact_extractor_utils.py::TestRelationHelpers::test_is_clause_like_infinitive [32mPASSED[0m[31m [  6%][0m
tests/test_fact_extractor_utils.py::TestRelationHelpers::test_is_clause_like_gerund [32mPASSED[0m[31m [  6%][0m
tests/test_fact_extractor_utils.py::TestRelationHelpers::test_is_clause_like_passive [32mPASSED[0m[31m [  6%][0m
tests/test_fact_extractor_utils.py::TestRelationHelpers::test_is_clause_like_negative [32mPASSED[0m[31m [  6%][0m
tests/test_fact_extractor_utils.py::TestRelationHelpers::test_refine_is_relation_basic [32mPASSED[0m[31m [  6%][0m
tests/test_fact_extractor_utils.py::TestRelationHelpers::test_refine_is_relation_no_change [32mPASSED[0m[31m [  6%][0m
tests/test_fact_extractor_utils.py::TestTripleScoring::test_score_triple_basic [32mPASSED[0m[31m [  6%][0m
tests/test_fact_extractor_utils.py::TestTripleScoring::test_score_triple_proper_nouns_higher [32mPASSED[0m[31m [  7%][0m
tests/test_fact_extractor_utils.py::TestTripleScoring::test_score_triple_generic_lower [32mPASSED[0m[31m [  7%][0m
tests/test_fact_extractor_utils.py::TestTripleScoring::test_score_triple_stop_words_penalized [32mPASSED[0m[31m [  7%][0m
tests/test_fact_extractor_utils.py::TestFactExtractor::test_fact_extractor_initialization [32mPASSED[0m[31m [  7%][0m
tests/test_fact_extractor_utils.py::TestFactExtractor::test_fact_extractor_initialization_no_rebel [32mPASSED[0m[31m [  7%][0m
tests/test_fact_extractor_utils.py::TestFactExtractor::test_fact_extractor_initialization_no_regex [32mPASSED[0m[31m [  7%][0m
tests/test_fact_extractor_utils.py::TestFactExtractor::test_fact_extractor_has_patterns [32mPASSED[0m[31m [  7%][0m
tests/test_fact_extractor_utils.py::TestFactExtractor::test_fact_patterns_copular [32mPASSED[0m[31m [  7%][0m
tests/test_fact_extractor_utils.py::TestFactExtractor::test_fact_patterns_preference [32mPASSED[0m[31m [  7%][0m
tests/test_fact_extractor_utils.py::TestFactExtractor::test_lift_patterns_squat [32mPASSED[0m[31m [  7%][0m
tests/test_fact_extractor_utils.py::TestFactExtractor::test_lift_patterns_action [32mPASSED[0m[31m [  7%][0m
tests/test_fact_extractor_utils.py::TestFactExtractor::test_extract_methods_exist [32mPASSED[0m[31m [  7%][0m
tests/test_fact_extractor_utils.py::TestTripleCleaning::test_clean_triple_empty_subject [32mPASSED[0m[31m [  7%][0m
tests/test_fact_extractor_utils.py::TestTripleCleaning::test_clean_triple_empty_relation [32mPASSED[0m[31m [  7%][0m
tests/test_fact_extractor_utils.py::TestTripleCleaning::test_clean_triple_empty_object [32mPASSED[0m[31m [  8%][0m
tests/test_fact_extractor_utils.py::TestTripleCleaning::test_clean_triple_basic [32mPASSED[0m[31m [  8%][0m
tests/test_fact_extractor_utils.py::TestTripleCleaning::test_clean_triple_strips_whitespace [32mPASSED[0m[31m [  8%][0m
tests/test_fact_extractor_utils.py::TestTripleCleaning::test_clean_triple_strips_punctuation [32mPASSED[0m[31m [  8%][0m
tests/test_fact_extractor_utils.py::TestNormalization::test_normalize_subject_obj_first_person [32mPASSED[0m[31m [  8%][0m
tests/test_fact_extractor_utils.py::TestNormalization::test_normalize_subject_obj_possessive [32mPASSED[0m[31m [  8%][0m
tests/test_fact_extractor_utils.py::TestNormalization::test_normalize_subject_obj_no_change [32mPASSED[0m[31m [  8%][0m
tests/test_file_processor.py::test_file_processor [32mPASSED[0m[31m                 [  8%][0m
tests/test_gated_prompt.py::test_gated_builder [31mFAILED[0m[31m                    [  8%][0m
tests/test_integration_fact_extraction.py::test_extract_facts_from_conversation [32mPASSED[0m[31m [  8%][0m
tests/test_integration_fact_extraction.py::test_extract_facts_with_rebel_disabled [32mPASSED[0m[31m [  8%][0m
tests/test_integration_fact_extraction.py::test_extract_facts_with_measurements [32mPASSED[0m[31m [  8%][0m
tests/test_integration_fact_extraction.py::test_extract_facts_with_preferences [32mPASSED[0m[31m [  8%][0m
tests/test_integration_fact_extraction.py::test_extract_facts_empty_input [32mPASSED[0m[31m [  8%][0m
tests/test_integration_fact_extraction.py::test_extract_facts_no_facts [32mPASSED[0m[31m [  8%][0m
tests/test_integration_fact_extraction.py::test_extract_structured_facts [32mPASSED[0m[31m [  9%][0m
tests/test_integration_fact_extraction.py::test_extract_facts_from_message [32mPASSED[0m[31m [  9%][0m
tests/test_integration_fact_extraction.py::test_extract_facts_deduplication [32mPASSED[0m[31m [  9%][0m
tests/test_integration_fact_extraction.py::test_extract_facts_with_context [32mPASSED[0m[31m [  9%][0m
tests/test_integration_gate_system.py::test_gate_system_initialization [32mPASSED[0m[31m [  9%][0m
tests/test_integration_gate_system.py::test_gate_system_filter_memories_empty [32mPASSED[0m[31m [  9%][0m
tests/test_integration_gate_system.py::test_gate_system_filter_memories_with_data [32mPASSED[0m[31m [  9%][0m
tests/test_integration_gate_system.py::test_gate_system_semantic_similarity [32mPASSED[0m[31m [  9%][0m
tests/test_integration_gate_system.py::test_gated_prompt_builder_initialization [31mERROR[0m[31m [  9%][0m
tests/test_integration_gate_system.py::test_gated_prompt_builder_basic [31mERROR[0m[31m [  9%][0m
tests/test_integration_gate_system.py::test_gated_prompt_builder_with_memories [31mERROR[0m[31m [  9%][0m
tests/test_integration_gate_system.py::test_gate_system_cosine_threshold [32mPASSED[0m[31m [  9%][0m
tests/test_integration_gate_system.py::test_gate_system_handles_malformed_memories [32mPASSED[0m[31m [  9%][0m
tests/test_integration_gate_system.py::test_gated_prompt_integration_flow [31mERROR[0m[31m [  9%][0m
tests/test_integration_prompt_advanced.py::test_get_recent_conversations [32mPASSED[0m[31m [ 10%][0m
tests/test_integration_prompt_advanced.py::test_get_facts [31mFAILED[0m[31m         [ 10%][0m
tests/test_integration_prompt_advanced.py::test_get_recent_facts [31mFAILED[0m[31m  [ 10%][0m
tests/test_integration_prompt_advanced.py::test_build_prompt_with_personality [32mPASSED[0m[31m [ 10%][0m
tests/test_integration_prompt_advanced.py::test_assemble_prompt_minimal [32mPASSED[0m[31m [ 10%][0m
tests/test_integration_prompt_advanced.py::test_assemble_prompt_with_memories [32mPASSED[0m[31m [ 10%][0m
tests/test_integration_prompt_advanced.py::test_build_prompt_error_handling [32mPASSED[0m[31m [ 10%][0m
tests/test_integration_prompt_advanced.py::test_get_token_count [31mFAILED[0m[31m   [ 10%][0m
tests/test_integration_prompt_advanced.py::test_build_prompt_with_topic [32mPASSED[0m[31m [ 10%][0m
tests/test_integration_prompt_advanced.py::test_build_prompt_smalltalk [32mPASSED[0m[31m [ 10%][0m
tests/test_integration_prompt_advanced.py::test_build_prompt_question [32mPASSED[0m[31m [ 10%][0m
tests/test_integration_prompt_builder.py::test_build_prompt_basic [31mFAILED[0m[31m [ 10%][0m
tests/test_integration_prompt_builder.py::test_build_prompt_with_memories [31mFAILED[0m[31m [ 10%][0m
tests/test_integration_prompt_builder.py::test_build_prompt_with_search_query [31mFAILED[0m[31m [ 10%][0m
tests/test_integration_prompt_builder.py::test_build_prompt_with_current_topic [32mPASSED[0m[31m [ 10%][0m
tests/test_integration_prompt_builder.py::test_build_prompt_with_fresh_facts [32mPASSED[0m[31m [ 11%][0m
tests/test_integration_prompt_builder.py::test_build_prompt_with_system_prompt [32mPASSED[0m[31m [ 11%][0m
tests/test_integration_prompt_builder.py::test_prompt_builder_memory_integration [31mFAILED[0m[31m [ 11%][0m
tests/test_integration_prompt_builder.py::test_assemble_prompt_from_context [32mPASSED[0m[31m [ 11%][0m
tests/test_integration_prompt_builder.py::test_prompt_builder_handles_empty_results [32mPASSED[0m[31m [ 11%][0m
tests/test_integration_workflows.py::test_full_query_workflow [31mERROR[0m[31m      [ 11%][0m
tests/test_integration_workflows.py::test_memory_retrieval_with_topics [31mERROR[0m[31m [ 11%][0m
tests/test_integration_workflows.py::test_memory_relevance_scoring [31mERROR[0m[31m [ 11%][0m
tests/test_integration_workflows.py::test_prompt_building_workflow [31mERROR[0m[31m [ 11%][0m
tests/test_integration_workflows.py::test_response_generation_flow [32mPASSED[0m[31m [ 11%][0m
tests/test_integration_workflows.py::test_memory_with_empty_query [31mERROR[0m[31m  [ 11%][0m
tests/test_integration_workflows.py::test_memory_with_special_characters [31mERROR[0m[31m [ 11%][0m
tests/test_integration_workflows.py::test_multiple_sequential_interactions [31mERROR[0m[31m [ 11%][0m
tests/test_integration_workflows.py::test_memory_with_long_text [31mERROR[0m[31m    [ 11%][0m
tests/test_integration_workflows.py::test_orchestrator_static_methods [32mPASSED[0m[31m [ 12%][0m
tests/test_integration_workflows.py::test_prompt_builder_with_empty_memories [31mERROR[0m[31m [ 12%][0m
tests/test_integration_workflows.py::test_memory_consolidation_trigger [31mERROR[0m[31m [ 12%][0m
tests/test_integration_workflows.py::test_gate_system_integration [31mERROR[0m[31m  [ 12%][0m
tests/test_integration_workflows.py::test_time_manager_integration [31mFAILED[0m[31m [ 12%][0m
tests/test_integration_workflows.py::test_corpus_manager_save_load [32mPASSED[0m[31m [ 12%][0m
tests/test_integration_workflows.py::test_memory_with_tags_filtering [31mERROR[0m[31m [ 12%][0m
tests/test_integration_workflows.py::test_concurrent_memory_operations [31mERROR[0m[31m [ 12%][0m
tests/test_integration_workflows.py::test_response_generator_with_errors [32mPASSED[0m[31m [ 12%][0m
tests/test_integration_workflows.py::test_prompt_builder_token_limiting [31mERROR[0m[31m [ 12%][0m
tests/test_integration_workflows.py::test_memory_recent_retrieval [31mERROR[0m[31m  [ 12%][0m
tests/test_integration_workflows.py::test_memory_with_unicode_content [31mERROR[0m[31m [ 12%][0m
tests/test_integration_workflows.py::test_orchestrator_fallback_memory [32mPASSED[0m[31m [ 12%][0m
tests/test_integration_workflows.py::test_orchestrator_fallback_corpus [32mPASSED[0m[31m [ 12%][0m
tests/test_integration_workflows.py::test_orchestrator_simple_prompt_builder [32mPASSED[0m[31m [ 13%][0m
tests/test_integration_workflows.py::test_memory_scorer_integration [31mERROR[0m[31m [ 13%][0m
tests/test_integration_workflows.py::test_model_manager_initialization [31mFAILED[0m[31m [ 13%][0m
tests/test_integration_workflows.py::test_corpus_manager_with_thread_info [32mPASSED[0m[31m [ 13%][0m
tests/test_integration_workflows.py::test_memory_retrieval_with_config [31mERROR[0m[31m [ 13%][0m
tests/test_llm_fact_extractor_comprehensive.py::test_snake_normal [32mPASSED[0m[31m [ 13%][0m
tests/test_llm_fact_extractor_comprehensive.py::test_snake_special_chars [32mPASSED[0m[31m [ 13%][0m
tests/test_llm_fact_extractor_comprehensive.py::test_snake_multiple_spaces [32mPASSED[0m[31m [ 13%][0m
tests/test_llm_fact_extractor_comprehensive.py::test_snake_empty [32mPASSED[0m[31m  [ 13%][0m
tests/test_llm_fact_extractor_comprehensive.py::test_snake_none [32mPASSED[0m[31m   [ 13%][0m
tests/test_llm_fact_extractor_comprehensive.py::test_snake_strips_leading_trailing [32mPASSED[0m[31m [ 13%][0m
tests/test_llm_fact_extractor_comprehensive.py::test_normalize_triple_valid [32mPASSED[0m[31m [ 13%][0m
tests/test_llm_fact_extractor_comprehensive.py::test_normalize_triple_pronouns [32mPASSED[0m[31m [ 13%][0m
tests/test_llm_fact_extractor_comprehensive.py::test_normalize_triple_missing_fields [32mPASSED[0m[31m [ 13%][0m
tests/test_llm_fact_extractor_comprehensive.py::test_normalize_triple_empty_strings [32mPASSED[0m[31m [ 13%][0m
tests/test_llm_fact_extractor_comprehensive.py::test_normalize_triple_coerces_numbers [32mPASSED[0m[31m [ 14%][0m
tests/test_llm_fact_extractor_comprehensive.py::test_normalize_triple_strips_periods [32mPASSED[0m[31m [ 14%][0m
tests/test_llm_fact_extractor_comprehensive.py::test_llm_extractor_init [32mPASSED[0m[31m [ 14%][0m
tests/test_llm_fact_extractor_comprehensive.py::test_llm_extractor_custom_params [32mPASSED[0m[31m [ 14%][0m
tests/test_llm_fact_extractor_comprehensive.py::test_build_prompt_basic [32mPASSED[0m[31m [ 14%][0m
tests/test_llm_fact_extractor_comprehensive.py::test_build_prompt_empty_list [32mPASSED[0m[31m [ 14%][0m
tests/test_llm_fact_extractor_comprehensive.py::test_build_prompt_strips_role_prefixes [32mPASSED[0m[31m [ 14%][0m
tests/test_llm_fact_extractor_comprehensive.py::test_build_prompt_enforces_char_budget [32mPASSED[0m[31m [ 14%][0m
tests/test_llm_fact_extractor_comprehensive.py::test_build_prompt_limits_messages [32mPASSED[0m[31m [ 14%][0m
tests/test_llm_fact_extractor_comprehensive.py::test_build_prompt_skips_empty_messages [32mPASSED[0m[31m [ 14%][0m
tests/test_llm_fact_extractor_comprehensive.py::test_extract_triples_empty_input [32mPASSED[0m[31m [ 14%][0m
tests/test_llm_fact_extractor_comprehensive.py::test_extract_triples_with_model_failure [32mPASSED[0m[31m [ 14%][0m
tests/test_llm_fact_extractor_comprehensive.py::test_extract_triples_with_invalid_json [32mPASSED[0m[31m [ 14%][0m
tests/test_llm_fact_extractor_comprehensive.py::test_extract_triples_with_non_list_json [32mPASSED[0m[31m [ 14%][0m
tests/test_llm_fact_extractor_comprehensive.py::test_extract_triples_with_valid_json [32mPASSED[0m[31m [ 15%][0m
tests/test_llm_fact_extractor_comprehensive.py::test_extract_triples_with_junk_around_json [32mPASSED[0m[31m [ 15%][0m
tests/test_llm_fact_extractor_comprehensive.py::test_extract_triples_deduplicates [32mPASSED[0m[31m [ 15%][0m
tests/test_llm_fact_extractor_comprehensive.py::test_extract_triples_max_triples_limit [32mPASSED[0m[31m [ 15%][0m
tests/test_llm_fact_extractor_comprehensive.py::test_extract_triples_skips_invalid_items [32mPASSED[0m[31m [ 15%][0m
tests/test_llm_fact_extractor_comprehensive.py::test_extract_triples_empty_string_response [32mPASSED[0m[31m [ 15%][0m
tests/test_llm_fact_extractor_comprehensive.py::test_extract_triples_none_response [32mPASSED[0m[31m [ 15%][0m
tests/test_llm_fallback.py::test_llm_fallback_triggers_on_borderline [32mPASSED[0m[31m [ 15%][0m
tests/test_llm_fallback.py::test_llm_fallback_prevents_false_positive [32mPASSED[0m[31m [ 15%][0m
tests/test_llm_fallback.py::test_no_llm_without_model_manager [32mPASSED[0m[31m     [ 15%][0m
tests/test_memory_consolidator.py::test_format_recent_for_summary_empty [32mPASSED[0m[31m [ 15%][0m
tests/test_memory_consolidator.py::test_format_recent_for_summary_basic [32mPASSED[0m[31m [ 15%][0m
tests/test_memory_consolidator.py::test_format_recent_for_summary_long_text [32mPASSED[0m[31m [ 15%][0m
tests/test_memory_consolidator.py::test_format_recent_for_summary_empty_entries [32mPASSED[0m[31m [ 15%][0m
tests/test_memory_consolidator.py::test_format_recent_for_summary_malformed [32mPASSED[0m[31m [ 15%][0m
tests/test_memory_consolidator.py::test_consolidator_init [32mPASSED[0m[31m         [ 16%][0m
tests/test_memory_consolidator.py::test_consolidator_init_defaults [32mPASSED[0m[31m [ 16%][0m
tests/test_memory_consolidator.py::test_maybe_consolidate_not_due [32mPASSED[0m[31m [ 16%][0m
tests/test_memory_consolidator.py::test_maybe_consolidate_no_model_manager [32mPASSED[0m[31m [ 16%][0m
tests/test_memory_consolidator.py::test_maybe_consolidate_creates_summary [32mPASSED[0m[31m [ 16%][0m
tests/test_memory_consolidator.py::test_maybe_consolidate_recent_summary_exists [32mPASSED[0m[31m [ 16%][0m
tests/test_memory_consolidator.py::test_maybe_consolidate_empty_corpus [32mPASSED[0m[31m [ 16%][0m
tests/test_memory_consolidator.py::test_maybe_consolidate_model_error [32mPASSED[0m[31m [ 16%][0m
tests/test_memory_consolidator.py::test_format_recent_mixed_timestamps [32mPASSED[0m[31m [ 16%][0m
tests/test_memory_consolidator.py::test_format_recent_unicode [32mPASSED[0m[31m     [ 16%][0m
tests/test_memory_coordinator.py::test_memory_coordinator [32mPASSED[0m[31m         [ 16%][0m
tests/test_memory_coordinator_advanced.py::test_calculate_truth_score_high [32mPASSED[0m[31m [ 16%][0m
tests/test_memory_coordinator_advanced.py::test_calculate_truth_score_low [32mPASSED[0m[31m [ 16%][0m
tests/test_memory_coordinator_advanced.py::test_calculate_importance_score_high [32mPASSED[0m[31m [ 16%][0m
tests/test_memory_coordinator_advanced.py::test_calculate_importance_score_baseline [32mPASSED[0m[31m [ 17%][0m
tests/test_memory_coordinator_advanced.py::test_update_truth_scores_on_access [32mPASSED[0m[31m [ 17%][0m
tests/test_memory_coordinator_advanced.py::test_update_truth_scores_empty_list [32mPASSED[0m[31m [ 17%][0m
tests/test_memory_coordinator_advanced.py::test_add_reflection [32mPASSED[0m[31m    [ 17%][0m
tests/test_memory_coordinator_advanced.py::test_add_reflection_with_timestamp [32mPASSED[0m[31m [ 17%][0m
tests/test_memory_coordinator_advanced.py::test_get_reflections [32mPASSED[0m[31m   [ 17%][0m
tests/test_memory_coordinator_advanced.py::test_get_reflections_hybrid [32mPASSED[0m[31m [ 17%][0m
tests/test_memory_coordinator_advanced.py::test_get_recent_facts [32mPASSED[0m[31m  [ 17%][0m
tests/test_memory_coordinator_advanced.py::test_get_facts_with_query [32mPASSED[0m[31m [ 17%][0m
tests/test_memory_coordinator_advanced.py::test_get_thread_context_none [32mPASSED[0m[31m [ 17%][0m
tests/test_memory_coordinator_advanced.py::test_detect_or_create_thread [32mPASSED[0m[31m [ 17%][0m
tests/test_memory_coordinator_advanced.py::test_get_semantic_top_memories [32mPASSED[0m[31m [ 17%][0m
tests/test_memory_coordinator_advanced.py::test_search_by_type [32mPASSED[0m[31m    [ 17%][0m
tests/test_memory_coordinator_advanced.py::test_get_recent_conversations [32mPASSED[0m[31m [ 17%][0m
tests/test_memory_coordinator_advanced.py::test_parse_result [32mPASSED[0m[31m      [ 17%][0m
tests/test_memory_coordinator_advanced.py::test_parse_result_minimal [32mPASSED[0m[31m [ 18%][0m
tests/test_memory_coordinator_advanced.py::test_gate_memories_filters [32mPASSED[0m[31m [ 18%][0m
tests/test_memory_coordinator_advanced.py::test_rank_memories [32mPASSED[0m[31m     [ 18%][0m
tests/test_memory_coordinator_advanced.py::test_rank_memories_empty [32mPASSED[0m[31m [ 18%][0m
tests/test_memory_coordinator_advanced.py::test_now [32mPASSED[0m[31m               [ 18%][0m
tests/test_memory_coordinator_advanced.py::test_now_iso [32mPASSED[0m[31m           [ 18%][0m
tests/test_memory_coordinator_advanced.py::test_safe_detect_topic [32mPASSED[0m[31m [ 18%][0m
tests/test_memory_coordinator_advanced.py::test_safe_detect_topic_empty [32mPASSED[0m[31m [ 18%][0m
tests/test_memory_coordinator_advanced.py::test_get_memory_key [32mPASSED[0m[31m    [ 18%][0m
tests/test_memory_coordinator_advanced.py::test_get_memory_key_no_id [32mPASSED[0m[31m [ 18%][0m
tests/test_memory_coordinator_advanced.py::test_format_hierarchical_memory [32mPASSED[0m[31m [ 18%][0m
tests/test_memory_coordinator_advanced.py::test_format_hierarchical_memory_simple [32mPASSED[0m[31m [ 18%][0m
tests/test_memory_coordinator_advanced.py::test_get_summaries [32mPASSED[0m[31m     [ 18%][0m
tests/test_memory_coordinator_advanced.py::test_get_summaries_hybrid [32mPASSED[0m[31m [ 18%][0m
tests/test_memory_coordinator_advanced.py::test_get_dreams [32mPASSED[0m[31m        [ 19%][0m
tests/test_memory_coordinator_advanced.py::test_debug_memory_state [32mPASSED[0m[31m [ 19%][0m
tests/test_memory_coordinator_advanced.py::test_combine_memories [33mSKIPPED[0m[31m [ 19%][0m
tests/test_memory_coordinator_advanced.py::test_consolidate_and_store_summary [32mPASSED[0m[31m [ 19%][0m
tests/test_memory_coordinator_helpers.py::test_is_deictic_followup_explain [32mPASSED[0m[31m [ 19%][0m
tests/test_memory_coordinator_helpers.py::test_is_deictic_followup_that [32mPASSED[0m[31m [ 19%][0m
tests/test_memory_coordinator_helpers.py::test_is_deictic_followup_it [32mPASSED[0m[31m [ 19%][0m
tests/test_memory_coordinator_helpers.py::test_is_deictic_followup_this [32mPASSED[0m[31m [ 19%][0m
tests/test_memory_coordinator_helpers.py::test_is_deictic_followup_again [32mPASSED[0m[31m [ 19%][0m
tests/test_memory_coordinator_helpers.py::test_is_deictic_followup_another_way [32mPASSED[0m[31m [ 19%][0m
tests/test_memory_coordinator_helpers.py::test_is_deictic_followup_different_way [32mPASSED[0m[31m [ 19%][0m
tests/test_memory_coordinator_helpers.py::test_is_deictic_followup_not_deictic [32mPASSED[0m[31m [ 19%][0m
tests/test_memory_coordinator_helpers.py::test_is_deictic_followup_empty [32mPASSED[0m[31m [ 19%][0m
tests/test_memory_coordinator_helpers.py::test_is_deictic_followup_none [32mPASSED[0m[31m [ 19%][0m
tests/test_memory_coordinator_helpers.py::test_is_deictic_followup_case_insensitive [32mPASSED[0m[31m [ 19%][0m
tests/test_memory_coordinator_helpers.py::test_salient_tokens_basic [32mPASSED[0m[31m [ 20%][0m
tests/test_memory_coordinator_helpers.py::test_salient_tokens_filters_stopwords [32mPASSED[0m[31m [ 20%][0m
tests/test_memory_coordinator_helpers.py::test_salient_tokens_lowercase [32mPASSED[0m[31m [ 20%][0m
tests/test_memory_coordinator_helpers.py::test_salient_tokens_empty [32mPASSED[0m[31m [ 20%][0m
tests/test_memory_coordinator_helpers.py::test_salient_tokens_all_stopwords [32mPASSED[0m[31m [ 20%][0m
tests/test_memory_coordinator_helpers.py::test_salient_tokens_k_limit [32mPASSED[0m[31m [ 20%][0m
tests/test_memory_coordinator_helpers.py::test_salient_tokens_short_words [32mPASSED[0m[31m [ 20%][0m
tests/test_memory_coordinator_helpers.py::test_num_op_density_with_numbers [32mPASSED[0m[31m [ 20%][0m
tests/test_memory_coordinator_helpers.py::test_num_op_density_multiplication [32mPASSED[0m[31m [ 20%][0m
tests/test_memory_coordinator_helpers.py::test_num_op_density_division [32mPASSED[0m[31m [ 20%][0m
tests/test_memory_coordinator_helpers.py::test_num_op_density_no_operations [32mPASSED[0m[31m [ 20%][0m
tests/test_memory_coordinator_helpers.py::test_num_op_density_empty [32mPASSED[0m[31m [ 20%][0m
tests/test_memory_coordinator_helpers.py::test_num_op_density_multiple_operations [32mPASSED[0m[31m [ 20%][0m
tests/test_memory_coordinator_helpers.py::test_num_op_density_word_problem [32mPASSED[0m[31m [ 20%][0m
tests/test_memory_coordinator_helpers.py::test_analogy_markers_like [32mPASSED[0m[31m [ 21%][0m
tests/test_memory_coordinator_helpers.py::test_analogy_markers_similar [32mPASSED[0m[31m [ 21%][0m
tests/test_memory_coordinator_helpers.py::test_analogy_markers_as_if [32mPASSED[0m[31m [ 21%][0m
tests/test_memory_coordinator_helpers.py::test_analogy_markers_reminds [32mPASSED[0m[31m [ 21%][0m
tests/test_memory_coordinator_helpers.py::test_analogy_markers_analogy [32mPASSED[0m[31m [ 21%][0m
tests/test_memory_coordinator_helpers.py::test_analogy_markers_metaphor [32mPASSED[0m[31m [ 21%][0m
tests/test_memory_coordinator_helpers.py::test_analogy_markers_no_markers [32mPASSED[0m[31m [ 21%][0m
tests/test_memory_coordinator_helpers.py::test_analogy_markers_empty [32mPASSED[0m[31m [ 21%][0m
tests/test_memory_coordinator_helpers.py::test_analogy_markers_multiple [32mPASSED[0m[31m [ 21%][0m
tests/test_memory_coordinator_helpers.py::test_analogy_markers_case_insensitive [32mPASSED[0m[31m [ 21%][0m
tests/test_memory_coordinator_helpers.py::test_build_anchor_tokens_basic [32mPASSED[0m[31m [ 21%][0m
tests/test_memory_coordinator_helpers.py::test_build_anchor_tokens_extracts_from_queries [32mPASSED[0m[31m [ 21%][0m
tests/test_memory_coordinator_helpers.py::test_build_anchor_tokens_extracts_from_responses [32mPASSED[0m[31m [ 21%][0m
tests/test_memory_coordinator_helpers.py::test_build_anchor_tokens_empty_conversation [32mPASSED[0m[31m [ 21%][0m
tests/test_memory_coordinator_helpers.py::test_build_anchor_tokens_maxlen_limit [32mPASSED[0m[31m [ 21%][0m
tests/test_memory_coordinator_helpers.py::test_build_anchor_tokens_filters_stopwords [32mPASSED[0m[31m [ 22%][0m
tests/test_memory_coordinator_helpers.py::test_build_anchor_tokens_missing_fields [32mPASSED[0m[31m [ 22%][0m
tests/test_memory_coordinator_helpers.py::test_build_anchor_tokens_none_values [32mPASSED[0m[31m [ 22%][0m
tests/test_memory_coordinator_helpers.py::test_build_anchor_tokens_lowercase [32mPASSED[0m[31m [ 22%][0m
tests/test_memory_coordinator_helpers.py::test_salient_tokens_with_punctuation [32mPASSED[0m[31m [ 22%][0m
tests/test_memory_coordinator_helpers.py::test_num_op_density_complex_expression [32mPASSED[0m[31m [ 22%][0m
tests/test_memory_coordinator_helpers.py::test_analogy_markers_comparison [32mPASSED[0m[31m [ 22%][0m
tests/test_memory_coordinator_helpers.py::test_build_anchor_tokens_long_text [32mPASSED[0m[31m [ 22%][0m
tests/test_memory_coordinator_helpers.py::test_is_deictic_followup_combined_hints [32mPASSED[0m[31m [ 22%][0m
tests/test_memory_coordinator_methods.py::test_is_deictic_followup_true [32mPASSED[0m[31m [ 22%][0m
tests/test_memory_coordinator_methods.py::test_is_deictic_followup_false [32mPASSED[0m[31m [ 22%][0m
tests/test_memory_coordinator_methods.py::test_is_deictic_followup_empty [32mPASSED[0m[31m [ 22%][0m
tests/test_memory_coordinator_methods.py::test_salient_tokens_basic [32mPASSED[0m[31m [ 22%][0m
tests/test_memory_coordinator_methods.py::test_salient_tokens_with_numbers [32mPASSED[0m[31m [ 22%][0m
tests/test_memory_coordinator_methods.py::test_salient_tokens_empty [32mPASSED[0m[31m [ 23%][0m
tests/test_memory_coordinator_methods.py::test_num_op_density_high [32mPASSED[0m[31m [ 23%][0m
tests/test_memory_coordinator_methods.py::test_num_op_density_low [32mPASSED[0m[31m [ 23%][0m
tests/test_memory_coordinator_methods.py::test_num_op_density_empty [32mPASSED[0m[31m [ 23%][0m
tests/test_memory_coordinator_methods.py::test_analogy_markers_present [32mPASSED[0m[31m [ 23%][0m
tests/test_memory_coordinator_methods.py::test_analogy_markers_absent [32mPASSED[0m[31m [ 23%][0m
tests/test_memory_coordinator_methods.py::test_analogy_markers_empty [32mPASSED[0m[31m [ 23%][0m
tests/test_memory_coordinator_methods.py::test_store_interaction_basic [32mPASSED[0m[31m [ 23%][0m
tests/test_memory_coordinator_methods.py::test_store_interaction_with_tags [32mPASSED[0m[31m [ 23%][0m
tests/test_memory_coordinator_methods.py::test_get_memories_empty_query [32mPASSED[0m[31m [ 23%][0m
tests/test_memory_coordinator_methods.py::test_get_memories_after_storing [32mPASSED[0m[31m [ 23%][0m
tests/test_memory_coordinator_methods.py::test_get_facts_empty_query [32mPASSED[0m[31m [ 23%][0m
tests/test_memory_coordinator_methods.py::test_get_facts_basic [32mPASSED[0m[31m    [ 23%][0m
tests/test_memory_coordinator_methods.py::test_extract_and_store_facts [32mPASSED[0m[31m [ 23%][0m
tests/test_memory_coordinator_methods.py::test_consolidate_with_model [32mPASSED[0m[31m [ 23%][0m
tests/test_memory_coordinator_methods.py::test_update_memory_access [32mPASSED[0m[31m [ 24%][0m
tests/test_memory_coordinator_methods.py::test_get_semantic_top_memories [32mPASSED[0m[31m [ 24%][0m
tests/test_memory_coordinator_methods.py::test_conversation_context_tracking [32mPASSED[0m[31m [ 24%][0m
tests/test_memory_coordinator_methods.py::test_topic_tracking [32mPASSED[0m[31m     [ 24%][0m
tests/test_memory_coordinator_methods.py::test_get_summaries [32mPASSED[0m[31m      [ 24%][0m
tests/test_memory_coordinator_methods.py::test_multiple_interactions_ordering [32mPASSED[0m[31m [ 24%][0m
tests/test_memory_coordinator_methods.py::test_empty_response_handling [32mPASSED[0m[31m [ 24%][0m
tests/test_memory_coordinator_methods.py::test_empty_query_handling [32mPASSED[0m[31m [ 24%][0m
tests/test_memory_deep_integration.py::test_store_interaction_full_metadata [32mPASSED[0m[31m [ 24%][0m
tests/test_memory_deep_integration.py::test_store_interaction_triggers_consolidation [32mPASSED[0m[31m [ 24%][0m
tests/test_memory_deep_integration.py::test_get_memories_with_topic_filter [32mPASSED[0m[31m [ 24%][0m
tests/test_memory_deep_integration.py::test_get_memories_semantic_search [32mPASSED[0m[31m [ 24%][0m
tests/test_memory_deep_integration.py::test_process_shutdown_memory [32mPASSED[0m[31m [ 24%][0m
tests/test_memory_deep_integration.py::test_run_shutdown_reflection [32mPASSED[0m[31m [ 24%][0m
tests/test_memory_deep_integration.py::test_get_meta_conversational_memories [32mPASSED[0m[31m [ 25%][0m
tests/test_memory_deep_integration.py::test_get_semantic_memories [32mPASSED[0m[31m [ 25%][0m
tests/test_memory_deep_integration.py::test_combine_memories_deduplication [33mSKIPPED[0m[31m [ 25%][0m
tests/test_memory_deep_integration.py::test_thread_detection_and_tracking [32mPASSED[0m[31m [ 25%][0m
tests/test_memory_deep_integration.py::test_decay_old_memories [32mPASSED[0m[31m    [ 25%][0m
tests/test_memory_deep_integration.py::test_importance_boosting [32mPASSED[0m[31m   [ 25%][0m
tests/test_memory_deep_integration.py::test_hierarchical_memory_relationships [32mPASSED[0m[31m [ 25%][0m
tests/test_memory_deep_integration.py::test_fact_extraction_flow [32mPASSED[0m[31m  [ 25%][0m
tests/test_memory_deep_integration.py::test_reflection_generation [32mPASSED[0m[31m [ 25%][0m
tests/test_memory_deep_integration.py::test_memory_access_tracking [32mPASSED[0m[31m [ 25%][0m
tests/test_memory_deep_integration.py::test_cross_collection_search [32mPASSED[0m[31m [ 25%][0m
tests/test_memory_deep_integration.py::test_time_context_awareness [32mPASSED[0m[31m [ 25%][0m
tests/test_memory_deep_integration.py::test_memory_pruning [32mPASSED[0m[31m        [ 25%][0m
tests/test_memory_deep_integration.py::test_query_expansion [32mPASSED[0m[31m       [ 25%][0m
tests/test_memory_deep_integration.py::test_empty_query_handling [32mPASSED[0m[31m  [ 26%][0m
tests/test_memory_deep_integration.py::test_very_long_query [32mPASSED[0m[31m       [ 26%][0m
tests/test_memory_deep_integration.py::test_special_characters_in_query [32mPASSED[0m[31m [ 26%][0m
tests/test_memory_deep_integration.py::test_unicode_content [32mPASSED[0m[31m       [ 26%][0m
tests/test_memory_internal_methods.py::test_get_semantic_memories_internal [32mPASSED[0m[31m [ 26%][0m
tests/test_memory_internal_methods.py::test_combine_memories_internal [32mPASSED[0m[31m [ 26%][0m
tests/test_memory_internal_methods.py::test_gate_memories_internal [32mPASSED[0m[31m [ 26%][0m
tests/test_memory_internal_methods.py::test_calculate_truth_score [32mPASSED[0m[31m [ 26%][0m
tests/test_memory_internal_methods.py::test_calculate_importance_score_various_content [32mPASSED[0m[31m [ 26%][0m
tests/test_memory_internal_methods.py::test_update_truth_scores_on_access [32mPASSED[0m[31m [ 26%][0m
tests/test_memory_internal_methods.py::test_rank_memories [32mPASSED[0m[31m         [ 26%][0m
tests/test_memory_internal_methods.py::test_parse_result [32mPASSED[0m[31m          [ 26%][0m
tests/test_memory_internal_methods.py::test_get_memory_key [32mPASSED[0m[31m        [ 26%][0m
tests/test_memory_internal_methods.py::test_safe_detect_topic [32mPASSED[0m[31m     [ 26%][0m
tests/test_memory_internal_methods.py::test_get_recent_conversations [32mPASSED[0m[31m [ 26%][0m
tests/test_memory_internal_methods.py::test_get_recent_facts [32mPASSED[0m[31m      [ 27%][0m
tests/test_memory_internal_methods.py::test_get_facts_with_query [32mPASSED[0m[31m  [ 27%][0m
tests/test_memory_internal_methods.py::test_search_by_type [32mPASSED[0m[31m        [ 27%][0m
tests/test_memory_internal_methods.py::test_get_semantic_top_memories [32mPASSED[0m[31m [ 27%][0m
tests/test_memory_internal_methods.py::test_get_thread_context [32mPASSED[0m[31m    [ 27%][0m
tests/test_memory_internal_methods.py::test_detect_or_create_thread [32mPASSED[0m[31m [ 27%][0m
tests/test_memory_internal_methods.py::test_consolidate_and_store_summary [32mPASSED[0m[31m [ 27%][0m
tests/test_memory_internal_methods.py::test_extract_and_store_facts [32mPASSED[0m[31m [ 27%][0m
tests/test_memory_internal_methods.py::test_get_meta_conversational_memories [32mPASSED[0m[31m [ 27%][0m
tests/test_model_manager_methods.py::test_model_manager_init [32mPASSED[0m[31m      [ 27%][0m
tests/test_model_manager_methods.py::test_model_manager_init_with_api_key [32mPASSED[0m[31m [ 27%][0m
tests/test_model_manager_methods.py::test_model_manager_init_no_openai [32mPASSED[0m[31m [ 27%][0m
tests/test_model_manager_methods.py::test_stub_response [32mPASSED[0m[31m           [ 27%][0m
tests/test_model_manager_methods.py::test_stub_response_long_prompt [32mPASSED[0m[31m [ 27%][0m
tests/test_model_manager_methods.py::test_stub_response_empty_prompt [32mPASSED[0m[31m [ 28%][0m
tests/test_model_manager_methods.py::test_stub_response_multiline_prompt [32mPASSED[0m[31m [ 28%][0m
tests/test_model_manager_methods.py::test_stub_stream [32mPASSED[0m[31m             [ 28%][0m
tests/test_model_manager_methods.py::test_is_api_model [32mPASSED[0m[31m            [ 28%][0m
tests/test_model_manager_methods.py::test_is_api_model_false [32mPASSED[0m[31m      [ 28%][0m
tests/test_model_manager_methods.py::test_load_openai_model [32mPASSED[0m[31m       [ 28%][0m
tests/test_model_manager_methods.py::test_switch_model [32mPASSED[0m[31m            [ 28%][0m
tests/test_model_manager_methods.py::test_get_active_model_name [32mPASSED[0m[31m   [ 28%][0m
tests/test_model_manager_methods.py::test_get_active_model_name_none [32mPASSED[0m[31m [ 28%][0m
tests/test_model_manager_methods.py::test_get_model_not_loaded [32mPASSED[0m[31m    [ 28%][0m
tests/test_model_manager_methods.py::test_get_tokenizer_not_loaded [32mPASSED[0m[31m [ 28%][0m
tests/test_model_manager_methods.py::test_get_embedder [32mPASSED[0m[31m            [ 28%][0m
tests/test_model_manager_methods.py::test_get_context_limit_api_model [32mPASSED[0m[31m [ 28%][0m
tests/test_model_manager_methods.py::test_get_context_limit_no_model [32mPASSED[0m[31m [ 28%][0m
tests/test_model_manager_methods.py::test_truncate_prompt_no_truncation_needed [32mPASSED[0m[31m [ 28%][0m
tests/test_model_manager_methods.py::test_truncate_prompt_with_truncation [32mPASSED[0m[31m [ 29%][0m
tests/test_model_manager_methods.py::test_close [32mPASSED[0m[31m                   [ 29%][0m
tests/test_model_manager_methods.py::test_close_no_client [32mPASSED[0m[31m         [ 29%][0m
tests/test_model_manager_methods.py::test_aclose [32mPASSED[0m[31m                  [ 29%][0m
tests/test_model_manager_methods.py::test_list_provider_models_no_client [32mPASSED[0m[31m [ 29%][0m
tests/test_model_manager_methods.py::test_list_provider_models_with_vendor_filter [32mPASSED[0m[31m [ 29%][0m
tests/test_model_manager_methods.py::test_api_model_aliases [32mPASSED[0m[31m       [ 29%][0m
tests/test_model_manager_methods.py::test_default_parameters [32mPASSED[0m[31m      [ 29%][0m
tests/test_model_manager_methods.py::test_base_url [32mPASSED[0m[31m                [ 29%][0m
tests/test_model_manager_methods.py::test_allow_fallback_default [32mPASSED[0m[31m  [ 29%][0m
tests/test_model_manager_methods.py::test_generate_async_stub_when_no_client [32mPASSED[0m[31m [ 29%][0m
tests/test_model_manager_methods.py::test_generate_with_unknown_model [32mPASSED[0m[31m [ 29%][0m
tests/test_multi_collection_chroma_store.py::test_flatten_for_chroma_primitives [32mPASSED[0m[31m [ 29%][0m
tests/test_multi_collection_chroma_store.py::test_flatten_for_chroma_none [32mPASSED[0m[31m [ 29%][0m
tests/test_multi_collection_chroma_store.py::test_flatten_for_chroma_list [32mPASSED[0m[31m [ 30%][0m
tests/test_multi_collection_chroma_store.py::test_flatten_for_chroma_dict [32mPASSED[0m[31m [ 30%][0m
tests/test_multi_collection_chroma_store.py::test_flatten_for_chroma_empty [32mPASSED[0m[31m [ 30%][0m
tests/test_multi_collection_chroma_store.py::test_flatten_for_chroma_none_input [32mPASSED[0m[31m [ 30%][0m
tests/test_multi_collection_chroma_store.py::test_chroma_store_init [32mPASSED[0m[31m [ 30%][0m
tests/test_multi_collection_chroma_store.py::test_chroma_store_collections_initialized [32mPASSED[0m[31m [ 30%][0m
tests/test_multi_collection_chroma_store.py::test_add_conversation_memory [32mPASSED[0m[31m [ 30%][0m
tests/test_multi_collection_chroma_store.py::test_add_conversation_memory_with_none_metadata [32mPASSED[0m[31m [ 30%][0m
tests/test_multi_collection_chroma_store.py::test_add_summary [32mPASSED[0m[31m     [ 30%][0m
tests/test_multi_collection_chroma_store.py::test_add_summary_with_metadata [32mPASSED[0m[31m [ 30%][0m
tests/test_multi_collection_chroma_store.py::test_add_wiki_chunk [32mPASSED[0m[31m  [ 30%][0m
tests/test_multi_collection_chroma_store.py::test_add_fact_basic [32mPASSED[0m[31m  [ 30%][0m
tests/test_multi_collection_chroma_store.py::test_add_fact_with_legacy_dict_source [32mPASSED[0m[31m [ 30%][0m
tests/test_multi_collection_chroma_store.py::test_add_fact_with_parent_child [32mPASSED[0m[31m [ 30%][0m
tests/test_multi_collection_chroma_store.py::test_add_reflection [32mPASSED[0m[31m  [ 30%][0m
tests/test_multi_collection_chroma_store.py::test_query_collection [32mPASSED[0m[31m [ 31%][0m
tests/test_multi_collection_chroma_store.py::test_query_collection_with_alias_kwargs [32mPASSED[0m[31m [ 31%][0m
tests/test_multi_collection_chroma_store.py::test_query_collection_invalid_name [32mPASSED[0m[31m [ 31%][0m
tests/test_multi_collection_chroma_store.py::test_search_all [32mPASSED[0m[31m      [ 31%][0m
tests/test_multi_collection_chroma_store.py::test_get_collection_stats [32mPASSED[0m[31m [ 31%][0m
tests/test_multi_collection_chroma_store.py::test_add_to_collection [32mPASSED[0m[31m [ 31%][0m
tests/test_multi_collection_chroma_store.py::test_add_to_collection_creates_if_missing [32mPASSED[0m[31m [ 31%][0m
tests/test_multi_collection_chroma_store.py::test_list_all_empty_collection [32mPASSED[0m[31m [ 31%][0m
tests/test_multi_collection_chroma_store.py::test_list_all_with_data [32mPASSED[0m[31m [ 31%][0m
tests/test_multi_collection_chroma_store.py::test_list_all_invalid_collection [32mPASSED[0m[31m [ 31%][0m
tests/test_multi_collection_chroma_store.py::test_get_recent [32mPASSED[0m[31m      [ 31%][0m
tests/test_multi_collection_chroma_store.py::test_get_recent_without_timestamps [32mPASSED[0m[31m [ 31%][0m
tests/test_multi_collection_chroma_store.py::test_create_collection [32mPASSED[0m[31m [ 31%][0m
tests/test_multi_collection_chroma_store.py::test_generate_id [32mPASSED[0m[31m     [ 31%][0m
tests/test_multi_collection_chroma_store.py::test_collection_embedder_name [32mPASSED[0m[31m [ 32%][0m
tests/test_multi_collection_chroma_store.py::test_multiple_facts_added [32mPASSED[0m[31m [ 32%][0m
tests/test_multi_collection_chroma_store.py::test_query_returns_formatted_results [32mPASSED[0m[31m [ 32%][0m
tests/test_orchestrator_helpers.py::test_parse_thinking_block_with_both_tags [32mPASSED[0m[31m [ 32%][0m
tests/test_orchestrator_helpers.py::test_parse_thinking_block_closing_only [32mPASSED[0m[31m [ 32%][0m
tests/test_orchestrator_helpers.py::test_parse_thinking_block_no_tags [32mPASSED[0m[31m [ 32%][0m
tests/test_orchestrator_helpers.py::test_parse_thinking_block_empty_response [32mPASSED[0m[31m [ 32%][0m
tests/test_orchestrator_helpers.py::test_parse_thinking_block_nested_tags [32mPASSED[0m[31m [ 32%][0m
tests/test_orchestrator_helpers.py::test_strip_xml_wrappers_result_tag [32mPASSED[0m[31m [ 32%][0m
tests/test_orchestrator_helpers.py::test_strip_xml_wrappers_answer_tag [32mPASSED[0m[31m [ 32%][0m
tests/test_orchestrator_helpers.py::test_strip_xml_wrappers_final_tag [32mPASSED[0m[31m [ 32%][0m
tests/test_orchestrator_helpers.py::test_strip_xml_wrappers_with_attributes [32mPASSED[0m[31m [ 32%][0m
tests/test_orchestrator_helpers.py::test_strip_xml_wrappers_no_tags [32mPASSED[0m[31m [ 32%][0m
tests/test_orchestrator_helpers.py::test_strip_xml_wrappers_empty [32mPASSED[0m[31m [ 32%][0m
tests/test_orchestrator_helpers.py::test_strip_xml_wrappers_none [32mPASSED[0m[31m  [ 32%][0m
tests/test_orchestrator_helpers.py::test_strip_xml_wrappers_partial_tag [32mPASSED[0m[31m [ 33%][0m
tests/test_orchestrator_helpers.py::test_strip_xml_wrappers_multiple_lines [32mPASSED[0m[31m [ 33%][0m
tests/test_orchestrator_helpers.py::test_strip_prompt_artifacts_time_context [32mPASSED[0m[31m [ 33%][0m
tests/test_orchestrator_helpers.py::test_strip_prompt_artifacts_recent_conversation [32mPASSED[0m[31m [ 33%][0m
tests/test_orchestrator_helpers.py::test_strip_prompt_artifacts_relevant_info [32mPASSED[0m[31m [ 33%][0m
tests/test_orchestrator_helpers.py::test_strip_prompt_artifacts_facts [32mPASSED[0m[31m [ 33%][0m
tests/test_orchestrator_helpers.py::test_strip_prompt_artifacts_directives [32mPASSED[0m[31m [ 33%][0m
tests/test_orchestrator_helpers.py::test_strip_prompt_artifacts_user_input [32mPASSED[0m[31m [ 33%][0m
tests/test_orchestrator_helpers.py::test_strip_prompt_artifacts_background_knowledge [32mPASSED[0m[31m [ 33%][0m
tests/test_orchestrator_helpers.py::test_strip_prompt_artifacts_summaries [32mPASSED[0m[31m [ 33%][0m
tests/test_orchestrator_helpers.py::test_strip_prompt_artifacts_reflections [32mPASSED[0m[31m [ 33%][0m
tests/test_orchestrator_helpers.py::test_strip_prompt_artifacts_multiple_headers [32mPASSED[0m[31m [ 33%][0m
tests/test_orchestrator_helpers.py::test_strip_prompt_artifacts_no_headers [32mPASSED[0m[31m [ 33%][0m
tests/test_orchestrator_helpers.py::test_strip_prompt_artifacts_empty [32mPASSED[0m[31m [ 33%][0m
tests/test_orchestrator_helpers.py::test_strip_prompt_artifacts_none [32mPASSED[0m[31m [ 34%][0m
tests/test_orchestrator_helpers.py::test_strip_prompt_artifacts_case_insensitive [32mPASSED[0m[31m [ 34%][0m
tests/test_orchestrator_helpers.py::test_strip_prompt_artifacts_preserves_content [32mPASSED[0m[31m [ 34%][0m
tests/test_orchestrator_helpers.py::test_strip_prompt_artifacts_header_with_brackets [32mPASSED[0m[31m [ 34%][0m
tests/test_orchestrator_helpers.py::test_strip_prompt_artifacts_current_facts [32mPASSED[0m[31m [ 34%][0m
tests/test_orchestrator_helpers.py::test_strip_prompt_artifacts_session_reflections [32mPASSED[0m[31m [ 34%][0m
tests/test_orchestrator_helpers.py::test_extract_thinking_with_whitespace [32mPASSED[0m[31m [ 34%][0m
tests/test_orchestrator_helpers.py::test_strip_xml_case_insensitive [32mPASSED[0m[31m [ 34%][0m
tests/test_orchestrator_helpers.py::test_strip_xml_with_spaces [32mPASSED[0m[31m    [ 34%][0m
tests/test_orchestrator_helpers.py::test_extract_thinking_only_closing_tag_at_end [32mPASSED[0m[31m [ 34%][0m
tests/test_orchestrator_helpers.py::test_strip_prompt_artifacts_relevant_memories [32mPASSED[0m[31m [ 34%][0m
tests/test_orchestrator_helpers.py::test_strip_prompt_artifacts_recent_facts [32mPASSED[0m[31m [ 34%][0m
tests/test_orchestrator_helpers.py::test_strip_prompt_artifacts_current_query [32mPASSED[0m[31m [ 34%][0m
tests/test_prompt_builder_methods.py::test_middle_out_no_compression_needed [32mPASSED[0m[31m [ 34%][0m
tests/test_prompt_builder_methods.py::test_middle_out_compression_applied [32mPASSED[0m[31m [ 34%][0m
tests/test_prompt_builder_methods.py::test_middle_out_with_force_flag [32mPASSED[0m[31m [ 35%][0m
tests/test_prompt_builder_methods.py::test_get_time_context [32mPASSED[0m[31m       [ 35%][0m
tests/test_prompt_builder_methods.py::test_extract_text_from_string [32mPASSED[0m[31m [ 35%][0m
tests/test_prompt_builder_methods.py::test_extract_text_from_dict_content [32mPASSED[0m[31m [ 35%][0m
tests/test_prompt_builder_methods.py::test_extract_text_from_dict_text [32mPASSED[0m[31m [ 35%][0m
tests/test_prompt_builder_methods.py::test_extract_text_from_dict_response [32mPASSED[0m[31m [ 35%][0m
tests/test_prompt_builder_methods.py::test_extract_text_from_empty_dict [32mPASSED[0m[31m [ 35%][0m
tests/test_prompt_builder_methods.py::test_extract_text_from_none [32mPASSED[0m[31m [ 35%][0m
tests/test_prompt_builder_methods.py::test_format_memory_basic [32mPASSED[0m[31m    [ 35%][0m
tests/test_prompt_builder_methods.py::test_format_memory_no_timestamp [32mPASSED[0m[31m [ 35%][0m
tests/test_prompt_builder_methods.py::test_format_memory_with_custom_formatter [32mPASSED[0m[31m [ 35%][0m
tests/test_prompt_builder_methods.py::test_llm_summarize_recent_empty [32mPASSED[0m[31m [ 35%][0m
tests/test_prompt_builder_methods.py::test_llm_summarize_recent_no_model_manager [32mPASSED[0m[31m [ 35%][0m
tests/test_prompt_builder_methods.py::test_get_recent_conversations_general_topic [32mPASSED[0m[31m [ 35%][0m
tests/test_prompt_builder_methods.py::test_get_recent_conversations_specific_topic [32mPASSED[0m[31m [ 36%][0m
tests/test_prompt_builder_methods.py::test_load_directives_nonexistent_file [32mPASSED[0m[31m [ 36%][0m
tests/test_prompt_builder_methods.py::test_get_token_count_basic [33mSKIPPED[0m[31m [ 36%][0m
tests/test_prompt_builder_methods.py::test_get_token_count_empty [33mSKIPPED[0m[31m [ 36%][0m
tests/test_prompt_builder_methods.py::test_get_token_count_long_text [33mSKIPPED[0m[31m [ 36%][0m
tests/test_prompt_builder_wrapper.py::test_unified_hierarchical_builder_initialization [32mPASSED[0m[31m [ 36%][0m
tests/test_prompt_builder_wrapper.py::test_unified_hierarchical_builder_with_chroma [32mPASSED[0m[31m [ 36%][0m
tests/test_prompt_builder_wrapper.py::test_unified_hierarchical_builder_no_consolidator [32mPASSED[0m[31m [ 36%][0m
tests/test_prompt_builder_wrapper.py::test_build_prompt_delegates_to_async [32mPASSED[0m[31m [ 36%][0m
tests/test_prompt_builder_wrapper.py::test_build_prompt_delegates_to_gated [32mPASSED[0m[31m [ 36%][0m
tests/test_prompt_builder_wrapper.py::test_build_prompt_handles_sync_builder [32mPASSED[0m[31m [ 36%][0m
tests/test_prompt_builder_wrapper.py::test_build_prompt_raises_on_no_method [32mPASSED[0m[31m [ 36%][0m
tests/test_prompt_builder_wrapper.py::test_getattr_delegation [32mPASSED[0m[31m     [ 36%][0m
tests/test_prompt_builder_wrapper.py::test_getattr_delegation_missing_attribute [32mPASSED[0m[31m [ 36%][0m
tests/test_prompt_builder_wrapper.py::test_unified_prompt_builder_export [32mPASSED[0m[31m [ 36%][0m
tests/test_prompt_builder_wrapper.py::test_prompt_builder_export [32mPASSED[0m[31m  [ 37%][0m
tests/test_prompt_builder_wrapper.py::test_all_exports [32mPASSED[0m[31m            [ 37%][0m
tests/test_prompt_builder_wrapper.py::test_wrapper_with_extra_kwargs [32mPASSED[0m[31m [ 37%][0m
tests/test_prompt_deep_paths.py::test_build_prompt_with_force_llm_summaries [32mPASSED[0m[31m [ 37%][0m
tests/test_prompt_deep_paths.py::test_build_prompt_with_cadence_summaries [32mPASSED[0m[31m [ 37%][0m
tests/test_prompt_deep_paths.py::test_build_prompt_with_heavy_retrieval [32mPASSED[0m[31m [ 37%][0m
tests/test_prompt_deep_paths.py::test_build_prompt_with_custom_system_prompt [32mPASSED[0m[31m [ 37%][0m
tests/test_prompt_deep_paths.py::test_build_prompt_with_wiki_retrieval [32mPASSED[0m[31m [ 37%][0m
tests/test_prompt_deep_paths.py::test_build_prompt_with_facts [32mPASSED[0m[31m     [ 37%][0m
tests/test_prompt_deep_paths.py::test_build_prompt_with_reflections [32mPASSED[0m[31m [ 37%][0m
tests/test_prompt_deep_paths.py::test_build_prompt_token_budget_enforcement [32mPASSED[0m[31m [ 37%][0m
tests/test_prompt_deep_paths.py::test_build_prompt_with_empty_query [32mPASSED[0m[31m [ 37%][0m
tests/test_prompt_deep_paths.py::test_build_prompt_with_very_long_query [32mPASSED[0m[31m [ 37%][0m
tests/test_prompt_deep_paths.py::test_build_prompt_multiple_calls [32mPASSED[0m[31m [ 37%][0m
tests/test_prompt_deep_paths.py::test_get_summaries_with_stored [32mPASSED[0m[31m   [ 38%][0m
tests/test_prompt_deep_paths.py::test_get_summaries_empty [32mPASSED[0m[31m         [ 38%][0m
tests/test_prompt_deep_paths.py::test_get_recent_conversations [32mPASSED[0m[31m    [ 38%][0m
tests/test_prompt_deep_paths.py::test_persist_summary [32mPASSED[0m[31m             [ 38%][0m
tests/test_prompt_deep_paths.py::test_build_prompt_with_different_models [32mPASSED[0m[31m [ 38%][0m
tests/test_prompt_deep_paths.py::test_build_prompt_increments_counter [32mPASSED[0m[31m [ 38%][0m
tests/test_prompt_internal_methods.py::test_middle_out [32mPASSED[0m[31m            [ 38%][0m
tests/test_prompt_internal_methods.py::test_middle_out_short_text [32mPASSED[0m[31m [ 38%][0m
tests/test_prompt_internal_methods.py::test_middle_out_force_mode [32mPASSED[0m[31m [ 38%][0m
tests/test_prompt_internal_methods.py::test_get_summaries [32mPASSED[0m[31m         [ 38%][0m
tests/test_prompt_internal_methods.py::test_get_reflections [32mPASSED[0m[31m       [ 38%][0m
tests/test_prompt_internal_methods.py::test_get_summaries_hybrid_filtered [32mPASSED[0m[31m [ 38%][0m
tests/test_prompt_internal_methods.py::test_get_reflections_hybrid_filtered [32mPASSED[0m[31m [ 38%][0m
tests/test_prompt_internal_methods.py::test_hygiene_and_caps [32mPASSED[0m[31m      [ 38%][0m
tests/test_prompt_internal_methods.py::test_manage_token_budget [33mSKIPPED[0m[31m  [ 39%][0m
tests/test_prompt_internal_methods.py::test_assemble_prompt [32mPASSED[0m[31m       [ 39%][0m
tests/test_prompt_internal_methods.py::test_get_token_count [33mSKIPPED[0m[31m      [ 39%][0m
tests/test_prompt_internal_methods.py::test_extract_text [32mPASSED[0m[31m          [ 39%][0m
tests/test_prompt_internal_methods.py::test_format_memory [32mPASSED[0m[31m         [ 39%][0m
tests/test_prompt_internal_methods.py::test_format_memory_without_timestamp [32mPASSED[0m[31m [ 39%][0m
tests/test_prompt_internal_methods.py::test_get_recent_facts [32mPASSED[0m[31m      [ 39%][0m
tests/test_prompt_internal_methods.py::test_get_facts_with_query [32mPASSED[0m[31m  [ 39%][0m
tests/test_prompt_internal_methods.py::test_gather_context [32mPASSED[0m[31m        [ 39%][0m
tests/test_prompt_internal_methods.py::test_build_default_memory_coordinator [32mPASSED[0m[31m [ 39%][0m
tests/test_response_generator.py::test_response_generator_init [32mPASSED[0m[31m    [ 39%][0m
tests/test_response_generator.py::test_generate_streaming_response_basic [32mPASSED[0m[31m [ 39%][0m
tests/test_response_generator.py::test_generate_streaming_response_with_max_tokens [32mPASSED[0m[31m [ 39%][0m
tests/test_response_generator.py::test_generate_streaming_response_no_system_prompt [32mPASSED[0m[31m [ 39%][0m
tests/test_response_generator.py::test_generate_full [32mPASSED[0m[31m              [ 39%][0m
tests/test_response_generator.py::test_generate_full_with_temperature [32mPASSED[0m[31m [ 40%][0m
tests/test_response_generator.py::test_coverage_score_high [32mPASSED[0m[31m        [ 40%][0m
tests/test_response_generator.py::test_coverage_score_low [32mPASSED[0m[31m         [ 40%][0m
tests/test_response_generator.py::test_length_score_optimal [32mPASSED[0m[31m       [ 40%][0m
tests/test_response_generator.py::test_length_score_too_short [32mPASSED[0m[31m     [ 40%][0m
tests/test_response_generator.py::test_length_score_too_long [32mPASSED[0m[31m      [ 40%][0m
tests/test_response_generator.py::test_repetition_penalty_no_repetition [32mPASSED[0m[31m [ 40%][0m
tests/test_response_generator.py::test_repetition_penalty_with_repetition [32mPASSED[0m[31m [ 40%][0m
tests/test_response_generator.py::test_hallucination_penalty_no_context [32mPASSED[0m[31m [ 40%][0m
tests/test_response_generator.py::test_hallucination_penalty_with_uncertainty [32mPASSED[0m[31m [ 40%][0m
tests/test_response_generator.py::test_score_answer_comprehensive [32mPASSED[0m[31m [ 40%][0m
tests/test_response_generator.py::test_score_answer_poor_quality [32mPASSED[0m[31m  [ 40%][0m
tests/test_response_generator.py::test_generate_best_of [32mPASSED[0m[31m           [ 40%][0m
tests/test_response_generator.py::test_minmax_normalize_empty [32mPASSED[0m[31m     [ 40%][0m
tests/test_response_generator.py::test_minmax_normalize_single_value [32mPASSED[0m[31m [ 41%][0m
tests/test_response_generator.py::test_minmax_normalize_multiple_values [32mPASSED[0m[31m [ 41%][0m
tests/test_response_generator.py::test_llm_judge_methods_exist [32mPASSED[0m[31m    [ 41%][0m
tests/test_response_generator.py::test_generate_streaming_error_handling [32mPASSED[0m[31m [ 41%][0m
tests/test_response_generator_comprehensive.py::test_coverage_score_basic [32mPASSED[0m[31m [ 41%][0m
tests/test_response_generator_comprehensive.py::test_coverage_score_empty_answer [32mPASSED[0m[31m [ 41%][0m
tests/test_response_generator_comprehensive.py::test_coverage_score_with_context [32mPASSED[0m[31m [ 41%][0m
tests/test_response_generator_comprehensive.py::test_length_score_normal [32mPASSED[0m[31m [ 41%][0m
tests/test_response_generator_comprehensive.py::test_length_score_too_short [32mPASSED[0m[31m [ 41%][0m
tests/test_response_generator_comprehensive.py::test_length_score_too_long [32mPASSED[0m[31m [ 41%][0m
tests/test_response_generator_comprehensive.py::test_length_score_custom_bounds [32mPASSED[0m[31m [ 41%][0m
tests/test_response_generator_comprehensive.py::test_repetition_penalty_no_repetition [32mPASSED[0m[31m [ 41%][0m
tests/test_response_generator_comprehensive.py::test_repetition_penalty_high_repetition [32mPASSED[0m[31m [ 41%][0m
tests/test_response_generator_comprehensive.py::test_repetition_penalty_empty [32mPASSED[0m[31m [ 41%][0m
tests/test_response_generator_comprehensive.py::test_hallucination_penalty_normal [32mPASSED[0m[31m [ 41%][0m
tests/test_response_generator_comprehensive.py::test_hallucination_penalty_with_context [32mPASSED[0m[31m [ 42%][0m
tests/test_response_generator_comprehensive.py::test_hallucination_penalty_suspicious [32mPASSED[0m[31m [ 42%][0m
tests/test_response_generator_comprehensive.py::test_score_answer [32mPASSED[0m[31m [ 42%][0m
tests/test_response_generator_comprehensive.py::test_score_answer_with_context [32mPASSED[0m[31m [ 42%][0m
tests/test_response_generator_comprehensive.py::test_score_answer_poor_quality [32mPASSED[0m[31m [ 42%][0m
tests/test_response_generator_comprehensive.py::test_minmax_normalize_normal [31mFAILED[0m[31m [ 42%][0m
tests/test_response_generator_comprehensive.py::test_minmax_normalize_single_value [32mPASSED[0m[31m [ 42%][0m
tests/test_response_generator_comprehensive.py::test_minmax_normalize_all_same [32mPASSED[0m[31m [ 42%][0m
tests/test_response_generator_comprehensive.py::test_minmax_normalize_empty [32mPASSED[0m[31m [ 42%][0m
tests/test_response_generator_comprehensive.py::test_generate_full_basic [32mPASSED[0m[31m [ 42%][0m
tests/test_response_generator_comprehensive.py::test_generate_full_with_system_prompt [32mPASSED[0m[31m [ 42%][0m
tests/test_response_generator_comprehensive.py::test_generate_full_with_temperature [32mPASSED[0m[31m [ 42%][0m
tests/test_response_generator_comprehensive.py::test_generate_best_of_basic [32mPASSED[0m[31m [ 42%][0m
tests/test_response_generator_comprehensive.py::test_generate_best_of_with_context [32mPASSED[0m[31m [ 42%][0m
tests/test_response_generator_comprehensive.py::test_llm_judge_score [32mPASSED[0m[31m [ 43%][0m
tests/test_response_generator_comprehensive.py::test_llm_judge_compare [32mPASSED[0m[31m [ 43%][0m
tests/test_response_generator_comprehensive.py::test_generate_duel_and_judge [32mPASSED[0m[31m [ 43%][0m
tests/test_response_generator_comprehensive.py::test_generate_best_of_ensemble [32mPASSED[0m[31m [ 43%][0m
tests/test_response_generator_comprehensive.py::test_response_generator_initialization [32mPASSED[0m[31m [ 43%][0m
tests/test_response_generator_comprehensive.py::test_response_generator_with_time_manager [32mPASSED[0m[31m [ 43%][0m
tests/test_response_generator_comprehensive.py::test_generate_streaming_response_basic [32mPASSED[0m[31m [ 43%][0m
tests/test_response_generator_comprehensive.py::test_generate_streaming_response_with_system [32mPASSED[0m[31m [ 43%][0m
tests/test_response_generator_streaming.py::test_streaming_with_string_chunks [32mPASSED[0m[31m [ 43%][0m
tests/test_response_generator_streaming.py::test_streaming_with_dict_chunks [32mPASSED[0m[31m [ 43%][0m
tests/test_response_generator_streaming.py::test_streaming_with_openai_chunks [32mPASSED[0m[31m [ 43%][0m
tests/test_response_generator_streaming.py::test_streaming_with_stop_markers [32mPASSED[0m[31m [ 43%][0m
tests/test_response_generator_streaming.py::test_streaming_with_user_marker [32mPASSED[0m[31m [ 43%][0m
tests/test_response_generator_streaming.py::test_streaming_with_assistant_marker [32mPASSED[0m[31m [ 43%][0m
tests/test_response_generator_streaming.py::test_streaming_with_system_marker [32mPASSED[0m[31m [ 43%][0m
tests/test_response_generator_streaming.py::test_streaming_with_eot_marker [32mPASSED[0m[31m [ 44%][0m
tests/test_response_generator_streaming.py::test_streaming_word_by_word [32mPASSED[0m[31m [ 44%][0m
tests/test_response_generator_streaming.py::test_streaming_with_empty_chunks [32mPASSED[0m[31m [ 44%][0m
tests/test_response_generator_streaming.py::test_streaming_with_chunk_error [32mPASSED[0m[31m [ 44%][0m
tests/test_response_generator_streaming.py::test_streaming_with_max_tokens [32mPASSED[0m[31m [ 44%][0m
tests/test_response_generator_streaming.py::test_non_streaming_response [32mPASSED[0m[31m [ 44%][0m
tests/test_response_generator_streaming.py::test_non_streaming_without_message_attr [32mPASSED[0m[31m [ 44%][0m
tests/test_response_generator_streaming.py::test_non_streaming_no_choices [32mPASSED[0m[31m [ 44%][0m
tests/test_response_generator_streaming.py::test_streaming_error_handling [32mPASSED[0m[31m [ 44%][0m
tests/test_response_generator_streaming.py::test_streaming_with_custom_system_prompt [32mPASSED[0m[31m [ 44%][0m
tests/test_response_generator_streaming.py::test_streaming_with_empty_system_prompt [32mPASSED[0m[31m [ 44%][0m
tests/test_response_generator_streaming.py::test_streaming_with_none_system_prompt [32mPASSED[0m[31m [ 44%][0m
tests/test_response_generator_streaming.py::test_streaming_buffer_flush [32mPASSED[0m[31m [ 44%][0m
tests/test_response_generator_streaming.py::test_streaming_with_model_switch [32mPASSED[0m[31m [ 44%][0m
tests/test_response_generator_streaming.py::test_streaming_config_import_failure [32mPASSED[0m[31m [ 45%][0m
tests/test_summaries.py::test_summary_integration [32mPASSED[0m[31m                 [ 45%][0m
tests/test_tokenizer_manager.py::TestTokenizerManager::test_initialization [32mPASSED[0m[31m [ 45%][0m
tests/test_tokenizer_manager.py::TestTokenizerManager::test_count_tokens_basic [32mPASSED[0m[31m [ 45%][0m
tests/test_tokenizer_manager.py::TestTokenizerManager::test_count_tokens_empty [32mPASSED[0m[31m [ 45%][0m
tests/test_tokenizer_manager.py::TestTokenizerManager::test_count_tokens_long_text [32mPASSED[0m[31m [ 45%][0m
tests/test_tokenizer_manager.py::TestTokenizerManager::test_count_tokens_different_models [32mPASSED[0m[31m [ 45%][0m
tests/test_tokenizer_manager.py::TestTokenizerManager::test_count_tokens_special_characters [32mPASSED[0m[31m [ 45%][0m
tests/test_tokenizer_manager.py::TestTokenizerManager::test_count_tokens_code [32mPASSED[0m[31m [ 45%][0m
tests/test_tokenizer_manager.py::TestTokenizerManager::test_count_tokens_json [32mPASSED[0m[31m [ 45%][0m
tests/test_tokenizer_manager.py::TestTokenizerManager::test_count_tokens_unicode [32mPASSED[0m[31m [ 45%][0m
tests/test_tokenizer_manager.py::TestTokenizerManager::test_count_tokens_very_long [32mPASSED[0m[31m [ 45%][0m
tests/test_tokenizer_manager.py::TestTokenizerManager::test_count_tokens_none [32mPASSED[0m[31m [ 45%][0m
tests/test_tokenizer_manager.py::TestTokenizerManager::test_count_tokens_numbers [32mPASSED[0m[31m [ 45%][0m
tests/test_tokenizer_manager.py::TestTokenizerManager::test_truncate_to_token_limit [32mPASSED[0m[31m [ 45%][0m
tests/test_tokenizer_manager.py::TestTokenizerManager::test_estimate_tokens_per_message [32mPASSED[0m[31m [ 46%][0m
tests/test_tokenizer_manager.py::TestTokenizerManager::test_tokenizer_singleton_behavior [32mPASSED[0m[31m [ 46%][0m
tests/test_tokenizer_manager.py::TestTokenizerManager::test_count_tokens_markdown [32mPASSED[0m[31m [ 46%][0m
tests/test_tokenizer_manager.py::TestTokenizerManager::test_count_tokens_whitespace [32mPASSED[0m[31m [ 46%][0m
tests/test_tokenizer_manager.py::TestTokenizerManagerEdgeCases::test_initialization_without_model_manager [32mPASSED[0m[31m [ 46%][0m
tests/test_tokenizer_manager.py::TestTokenizerManagerEdgeCases::test_whitespace_tokenizer [32mPASSED[0m[31m [ 46%][0m
tests/test_tokenizer_manager.py::TestTokenizerManagerEdgeCases::test_whitespace_tokenizer_empty [32mPASSED[0m[31m [ 46%][0m
tests/test_tokenizer_manager.py::TestTokenizerManagerEdgeCases::test_tiktoken_wrapper [32mPASSED[0m[31m [ 46%][0m
tests/test_tokenizer_manager.py::TestTokenizerManagerEdgeCases::test_choose_tiktoken_encoding_o_series [32mPASSED[0m[31m [ 46%][0m
tests/test_tokenizer_manager.py::TestTokenizerManagerEdgeCases::test_choose_tiktoken_encoding_standard [32mPASSED[0m[31m [ 46%][0m
tests/test_tokenizer_manager.py::TestTokenizerManagerEdgeCases::test_looks_like_api_model [32mPASSED[0m[31m [ 46%][0m
tests/test_tokenizer_manager.py::TestTokenizerManagerEdgeCases::test_is_api_model_with_exception [32mPASSED[0m[31m [ 46%][0m
tests/test_tokenizer_manager.py::TestTokenizerManagerEdgeCases::test_count_tokens_fallback [32mPASSED[0m[31m [ 46%][0m
tests/test_tokenizer_manager.py::TestTokenizerManagerEdgeCases::test_get_tokenizer_caching [32mPASSED[0m[31m [ 46%][0m
tests/test_tokenizer_manager.py::TestTokenizerManagerEdgeCases::test_count_tokens_with_none_model [32mPASSED[0m[31m [ 47%][0m
tests/test_tone_detection.py::test_crisis_detection[test_case0] [32mPASSED[0m[31m   [ 47%][0m
tests/test_tone_detection.py::test_crisis_detection[test_case1] [32mPASSED[0m[31m   [ 47%][0m
tests/test_tone_detection.py::test_crisis_detection[test_case2] [32mPASSED[0m[31m   [ 47%][0m
tests/test_tone_detection.py::test_crisis_detection[test_case3] [32mPASSED[0m[31m   [ 47%][0m
tests/test_tone_detection.py::test_crisis_detection[test_case4] [32mPASSED[0m[31m   [ 47%][0m
tests/test_tone_detection.py::test_crisis_detection[test_case5] [32mPASSED[0m[31m   [ 47%][0m
tests/test_tone_detection.py::test_crisis_detection[test_case6] [32mPASSED[0m[31m   [ 47%][0m
tests/test_tone_detection.py::test_crisis_detection[test_case7] [32mPASSED[0m[31m   [ 47%][0m
tests/test_tone_detection.py::test_crisis_detection[test_case8] [32mPASSED[0m[31m   [ 47%][0m
tests/test_tone_detection.py::test_crisis_detection[test_case9] [32mPASSED[0m[31m   [ 47%][0m
tests/test_tone_detection.py::test_crisis_detection[test_case10] [32mPASSED[0m[31m  [ 47%][0m
tests/test_tone_detection.py::test_crisis_detection[test_case11] [32mPASSED[0m[31m  [ 47%][0m
tests/test_tone_detection.py::test_crisis_detection[test_case12] [32mPASSED[0m[31m  [ 47%][0m
tests/test_tone_detection.py::test_crisis_detection[test_case13] [32mPASSED[0m[31m  [ 47%][0m
tests/test_tone_detection.py::test_crisis_detection[test_case14] [32mPASSED[0m[31m  [ 48%][0m
tests/test_tone_detection.py::test_crisis_detection[test_case15] [32mPASSED[0m[31m  [ 48%][0m
tests/test_tone_detection.py::test_crisis_detection[test_case16] [32mPASSED[0m[31m  [ 48%][0m
tests/test_tone_detection.py::test_crisis_detection[test_case17] [32mPASSED[0m[31m  [ 48%][0m
tests/test_tone_detection.py::test_crisis_detection[test_case18] [32mPASSED[0m[31m  [ 48%][0m
tests/test_tone_detection.py::test_crisis_detection[test_case19] [32mPASSED[0m[31m  [ 48%][0m
tests/test_tone_detection.py::test_crisis_detection[test_case20] [32mPASSED[0m[31m  [ 48%][0m
tests/test_tone_detection.py::test_crisis_detection[test_case21] [32mPASSED[0m[31m  [ 48%][0m
tests/test_tone_detection.py::test_crisis_detection[test_case22] [32mPASSED[0m[31m  [ 48%][0m
tests/test_tone_detection.py::test_crisis_detection[test_case23] [32mPASSED[0m[31m  [ 48%][0m
tests/test_tone_detection.py::test_crisis_detection[test_case24] [32mPASSED[0m[31m  [ 48%][0m
tests/test_tone_detection.py::test_crisis_detection[test_case25] [32mPASSED[0m[31m  [ 48%][0m
tests/test_tone_detection.py::test_crisis_detection[test_case26] [32mPASSED[0m[31m  [ 48%][0m
tests/test_tone_detection.py::test_crisis_detection[test_case27] [32mPASSED[0m[31m  [ 48%][0m
tests/test_tone_detection.py::test_crisis_detection[test_case28] [32mPASSED[0m[31m  [ 49%][0m
tests/test_tone_detection.py::test_crisis_detection[test_case29] [32mPASSED[0m[31m  [ 49%][0m
tests/test_tone_detection.py::test_observational_language_detection [32mPASSED[0m[31m [ 49%][0m
tests/test_tone_detection.py::test_keyword_detection [32mPASSED[0m[31m              [ 49%][0m
tests/test_tone_detection.py::test_context_escalation [32mPASSED[0m[31m             [ 49%][0m
tests/test_tone_detection.py::test_semantic_detection_examples [32mPASSED[0m[31m    [ 49%][0m
tests/test_tone_detection.py::test_tone_shift_detection [32mPASSED[0m[31m           [ 49%][0m
tests/test_tone_detection.py::test_print_category_summary [32mPASSED[0m[31m         [ 49%][0m
tests/unit/test_app_config.py::test_resolve_vars_no_variables [32mPASSED[0m[31m     [ 49%][0m
tests/unit/test_app_config.py::test_resolve_vars_simple_substitution [32mPASSED[0m[31m [ 49%][0m
tests/unit/test_app_config.py::test_resolve_vars_nested_keys [32mPASSED[0m[31m      [ 49%][0m
tests/unit/test_app_config.py::test_resolve_vars_multiple_substitutions [32mPASSED[0m[31m [ 49%][0m
tests/unit/test_app_config.py::test_resolve_vars_nested_resolution [32mPASSED[0m[31m [ 49%][0m
tests/unit/test_app_config.py::test_resolve_vars_missing_reference [32mPASSED[0m[31m [ 49%][0m
tests/unit/test_app_config.py::test_resolve_vars_dict_values [32mPASSED[0m[31m      [ 50%][0m
tests/unit/test_app_config.py::test_resolve_vars_list_values [32mPASSED[0m[31m      [ 50%][0m
tests/unit/test_app_config.py::test_resolve_vars_non_string_values [32mPASSED[0m[31m [ 50%][0m
tests/unit/test_app_config.py::test_resolve_vars_circular_reference_safety [32mPASSED[0m[31m [ 50%][0m
tests/unit/test_app_config.py::test_resolve_vars_empty_config [32mPASSED[0m[31m     [ 50%][0m
tests/unit/test_app_config.py::test_resolve_vars_non_dict_input [32mPASSED[0m[31m   [ 50%][0m
tests/unit/test_app_config.py::test_load_yaml_config_nonexistent_file [32mPASSED[0m[31m [ 50%][0m
tests/unit/test_app_config.py::test_load_yaml_config_with_temp_file [32mPASSED[0m[31m [ 50%][0m
tests/unit/test_app_config.py::test_load_yaml_config_invalid_yaml [32mPASSED[0m[31m [ 50%][0m
tests/unit/test_app_config.py::test_load_yaml_config_empty_file [32mPASSED[0m[31m   [ 50%][0m
tests/unit/test_app_config.py::test_load_yaml_config_with_variables [32mPASSED[0m[31m [ 50%][0m
tests/unit/test_app_config.py::test_ensure_config_defaults_empty [32mPASSED[0m[31m  [ 50%][0m
tests/unit/test_app_config.py::test_ensure_config_defaults_preserves_existing [32mPASSED[0m[31m [ 50%][0m
tests/unit/test_app_config.py::test_ensure_config_defaults_adds_missing [32mPASSED[0m[31m [ 50%][0m
tests/unit/test_app_config.py::test_ensure_config_defaults_with_none_values [32mPASSED[0m[31m [ 50%][0m
tests/unit/test_app_config.py::test_resolve_vars_then_defaults [32mPASSED[0m[31m    [ 51%][0m
tests/unit/test_app_config.py::test_complex_nested_config [32mPASSED[0m[31m         [ 51%][0m
tests/unit/test_app_config.py::test_config_with_env_style_variables [32mPASSED[0m[31m [ 51%][0m
tests/unit/test_corpus_manager.py::test_init_no_existing_file [32mPASSED[0m[31m     [ 51%][0m
tests/unit/test_corpus_manager.py::test_init_with_existing_file [32mPASSED[0m[31m   [ 51%][0m
tests/unit/test_corpus_manager.py::test_init_converts_timestamp_strings [32mPASSED[0m[31m [ 51%][0m
tests/unit/test_corpus_manager.py::test_init_handles_corrupt_file [32mPASSED[0m[31m [ 51%][0m
tests/unit/test_corpus_manager.py::test_init_handles_invalid_timestamp [32mPASSED[0m[31m [ 51%][0m
tests/unit/test_corpus_manager.py::test_add_entry_basic [32mPASSED[0m[31m           [ 51%][0m
tests/unit/test_corpus_manager.py::test_add_entry_with_tags [32mPASSED[0m[31m       [ 51%][0m
tests/unit/test_corpus_manager.py::test_add_entry_with_custom_timestamp [32mPASSED[0m[31m [ 51%][0m
tests/unit/test_corpus_manager.py::test_add_entry_strips_whitespace [32mPASSED[0m[31m [ 51%][0m
tests/unit/test_corpus_manager.py::test_add_entry_with_thread_metadata [32mPASSED[0m[31m [ 51%][0m
[...]
    return self.tokenizer_manager.count_tokens(text or "", model_name)
           ^^^^^^^^^^^^^^^^^^^^^^^^^^^^^^^^^^^
AttributeError: 'NoneType' object has no attribute 'count_tokens'
[31m[1m________________________ test_time_manager_integration _________________________[0m
[1m[31mtests/test_integration_workflows.py[0m:259: in test_time_manager_integration
    [0m[94massert[39;49;00m [96misinstance[39;49;00m(elapsed, [96mfloat[39;49;00m)[90m[39;49;00m
[1m[31mE   AssertionError: assert False[0m
[1m[31mE    +  where False = isinstance('0 s', float)[0m
[31m[1m______________________ test_model_manager_initialization _______________________[0m
[1m[31mtests/test_integration_workflows.py[0m:402: in test_model_manager_initialization
    [0m[94massert[39;49;00m [96misinstance[39;49;00m(active_model, [96mstr[39;49;00m)[90m[39;49;00m
[1m[31mE   assert False[0m
[1m[31mE    +  where False = isinstance(None, str)[0m
[31m[1m_________________________ test_minmax_normalize_normal _________________________[0m
[1m[31mtests/test_response_generator_comprehensive.py[0m:162: in test_minmax_normalize_normal
    [0m[94massert[39;49;00m [96mmax[39;49;00m(normalized) <= [94m1.0[39;49;00m[90m[39;49;00m
[1m[31mE   assert 10.0 <= 1.0[0m
[1m[31mE    +  where 10.0 = max([0.0, 2.5, 5.0, 7.5, 10.0])[0m
[31m[1m______________________ test_process_files_error_handling _______________________[0m
[1m[31mtests/unit/test_file_processor.py[0m:179: in test_process_files_error_handling
    [0mmock_file = create_mock_file([33m"[39;49;00m[33mnonexistent.txt[39;49;00m[33m"[39;49;00m, [33m"[39;49;00m[33m/nonexistent/path/file.txt[39;49;00m[33m"[39;49;00m)[90m[39;49;00m
                ^^^^^^^^^^^^^^^^^^^^^^^^^^^^^^^^^^^^^^^^^^^^^^^^^^^^^^^^^^^^^^^^^[90m[39;49;00m
[1m[31mtests/unit/test_file_processor.py[0m:69: in create_mock_file
    [0m[94mwith[39;49;00m [96mopen[39;49;00m(path, [33m'[39;49;00m[33mrb[39;49;00m[33m'[39;49;00m) [94mas[39;49;00m f:[90m[39;49;00m
         ^^^^^^^^^^^^^^^^[90m[39;49;00m
[1m[31mE   FileNotFoundError: [Errno 2] No such file or directory: '/nonexistent/path/file.txt'[0m
[31m[1m_________________________ test_process_single_file_txt _________________________[0m
[1m[31mtests/unit/test_file_processor.py[0m:199: in test_process_single_file_txt
    [0m[94massert[39;49;00m result == [33m"[39;49;00m[33mHello from text file![39;49;00m[33m"[39;49;00m[90m[39;49;00m
[1m[31mE   AssertionError: assert ('Hello from text file!', 21) == 'Hello from text file!'[0m
[31m[1m_________________________ test_process_single_file_py __________________________[0m
[1m[31mtests/unit/test_file_processor.py[0m:208: in test_process_single_file_py
    [0m[94massert[39;49;00m result.startswith([33m"[39;49;00m[33m```python[39;49;00m[33m\n[39;49;00m[33m"[39;49;00m)[90m[39;49;00m
           ^^^^^^^^^^^^^^^^^[90m[39;49;00m
[1m[31mE   AttributeError: 'tuple' object has no attribute 'startswith'[0m
[31m[1m_________________________ test_process_single_file_csv _________________________[0m
[1m[31mtests/unit/test_file_processor.py[0m:219: in test_process_single_file_csv
    [0m[94massert[39;49;00m [33m"[39;49;00m[33mAlice[39;49;00m[33m"[39;49;00m [95min[39;49;00m result[90m[39;49;00m
[1m[31mE   AssertionError: assert 'Alice' in ('    name  age\n0  Alice   30\n1    Bob   25', 25)[0m
[31m[1m_____________________ test_process_single_file_unsupported _____________________[0m
[1m[31mtests/unit/test_file_processor.py[0m:231: in test_process_single_file_unsupported
    [0m[94massert[39;49;00m [33m"[39;49;00m[33mUnsupported file type[39;49;00m[33m"[39;49;00m [95min[39;49;00m result[90m[39;49;00m
[1m[31mE   AssertionError: assert 'Unsupported file type' in ('[Unsupported file type: test.pdf]', 0)[0m
[31m[1m______________________ test_process_single_file_txt_utf8 _______________________[0m
[1m[31mtests/unit/test_file_processor.py[0m:243: in test_process_single_file_txt_utf8
    [0m[94massert[39;49;00m [33m"[39;49;00m[33mHello[39;49;00m[33m"[39;49;00m [95min[39;49;00m result[90m[39;49;00m
[1m[31mE   AssertionError: assert 'Hello' in ('Hello 世界 🌍', 17)[0m
[31m[1m______________________ test_process_single_file_empty_txt ______________________[0m
[1m[31mtests/unit/test_file_processor.py[0m:256: in test_process_single_file_empty_txt
    [0m[94massert[39;49;00m result == [33m"[39;49;00m[33m"[39;49;00m[90m[39;49;00m
[1m[31mE   AssertionError: assert ('[Empty file: empty.txt]', 0) == ''[0m
[31m[1m______________________ test_process_single_file_empty_csv ______________________[0m
[1m[31mtests/unit/test_file_processor.py[0m:270: in test_process_single_file_empty_csv
    [0m[94massert[39;49;00m [96misinstance[39;49;00m(result, [96mstr[39;49;00m)[90m[39;49;00m
[1m[31mE   AssertionError: assert False[0m
[1m[31mE    +  where False = isinstance(('Empty DataFrame\nColumns: [name, age]\nIndex: []', 9), str)[0m
[31m[1m_______________________ test_csv_with_special_characters _______________________[0m
[1m[31mtests/unit/test_file_processor.py[0m:287: in test_csv_with_special_characters
    [0m[94massert[39;49;00m [96misinstance[39;49;00m(result, [96mstr[39;49;00m)[90m[39;49;00m
[1m[31mE   assert False[0m
[1m[31mE    +  where False = isinstance(('            text\n0  Hello, world!\n1  Quote: "test"\n2  Newline\\nhere', 54), str)[0m
[31m[1m_______________________ test_py_file_with_multiline_code _______________________[0m
[1m[31mtests/unit/test_file_processor.py[0m:305: in test_py_file_with_multiline_code
    [0m[94massert[39;49;00m [33m"[39;49;00m[33m```python[39;49;00m[33m\n[39;49;00m[33m"[39;49;00m [95min[39;49;00m result[90m[39;49;00m
[1m[31mE   AssertionError: assert '```python\n' in ('```python\nclass Example:\n    def __init__(self):\n        self.value = 42\n\n    def method(self):\n        return self.value\n```', 111)[0m
[31m[1m_______________________ test_rank_memories_metadata_none _______________________[0m
[1m[31mtests/unit/test_memory_coordinator_methods.py[0m:1504: in test_rank_memories_metadata_none
    [0mranked = coordinator._rank_memories(memories, [33m"[39;49;00m[33mquery[39;49;00m[33m"[39;49;00m)[90m[39;49;00m
             ^^^^^^^^^^^^^^^^^^^^^^^^^^^^^^^^^^^^^^^^^^^^^[90m[39;49;00m
[1m[31mmemory/memory_coordinator.py[0m:1128: in _rank_memories
    [0m[94mreturn[39;49;00m [96mself[39;49;00m.scorer.rank_memories(memories, current_query)[90m[39;49;00m
           ^^^^^^^^^^^^^^^^^^^^^^^^^^^^^^^^^^^^^^^^^^^^^^^^^^[90m[39;49;00m
[1m[31mmemory/memory_scorer.py[0m:348: in rank_memories
    [0mtopic_match = [96mself[39;49;00m._calculate_topic_match(m, current_topic)[90m[39;49;00m
                  ^^^^^^^^^^^^^^^^^^^^^^^^^^^^^^^^^^^^^^^^^^^^^[90m[39;49;00m
[1m[31mmemory/memory_scorer.py[0m:179: in _calculate_topic_match
    [0mmemory_topics = memory.get([33m'[39;49;00m[33mmetadata[39;49;00m[33m'[39;49;00m, {}).get([33m'[39;49;00m[33mtopics[39;49;00m[33m'[39;49;00m, [])[90m[39;49;00m
                    ^^^^^^^^^^^^^^^^^^^^^^^^^^^^^^[90m[39;49;00m
[1m[31mE   AttributeError: 'NoneType' object has no attribute 'get'[0m
[31m[1m__________________ test_get_tone_instructions_conversational ___________________[0m
[1m[31mtests/unit/test_orchestrator_helpers.py[0m:400: in test_get_tone_instructions_conversational
    [0m[94massert[39;49;00m [33m"[39;49;00m[33mcasual conversation[39;49;00m[33m"[39;49;00m [95min[39;49;00m instructions[90m[39;49;00m
[1m[31mE   assert 'casual conversation' in '\n\n## RESPONSE MODE: CONVERSATIONAL (Natural Friend Voice)\n**Goal: Be a confident, grounded friend - not a service agent, hype-man, or therapist**\n\n**LENGTH: Maximum 3 sentences for most responses**\n\nVoice Calibration - The Sweet Spot:\n❌ TOO HYPE: "Hell yeah you\'re crushing it king! 💪 Die mad haters!"\n❌ TOO SERVICE-Y: "Thanks so much, that\'s awesome to hear! I\'m here anytime!"\n✓ JUST RIGHT: "Ha, glad that\'s better. Hope work goes smooth."\n\nCore Principles:\n1. **Match his energy** - casual when he\'s casual, focused when he\'s technical\n   - ✓ "Nice work on that." / "Solid progress."\n   - ✗ "Thanks so much, that\'s awesome to hear! Always striving to provide value!"\n\n2. **Brief acknowledgments** - you don\'t need to validate every interaction\n   - ✓ "Glad that worked" / "Makes sense" / "Cool"\n   - ✗ "Thank you for your feedback! I\'m excited to keep improving!"\n\n3. **Confident friend** - comfortable in the relationship, not anxious to please\n   - ✓ "That\'s frustrating, but you handled it well."\n   - ✗ "Please let me know if there\'s anything else I can help with!"\n\n4. **Helpful without being formal** - offer perspective naturally\n   - ✓ "Makes sense you\'re annoyed. Moving on sounds right."\n   - ✗ "I appreciate your patience as I strive to deliver relevant information."\n\nFORBIDDEN:\n- Customer service language ("Thanks so much!", "I\'m here anytime!", "Please let me know")\n- Emojis and excessive exclamation points\n- Hype language (crushing it, you got this king, Hell yeah)\n- Corporate speak ("striving to provide", "relevant and valuable info")\n- Excessive gratitude or validation-seeking\n- Multi-paragraph responses for simple updates\n\nThink: You\'re the friend who knows the relationship is solid, so you don\'t need to constantly prove your value or seek approval. Be supportive, honest, and chill.'[0m
[33m=============================== warnings summary ===============================[0m
../.pyenv/versions/3.11.8/lib/python3.11/site-packages/faiss/loader.py:49
  /home/lukeh/.pyenv/versions/3.11.8/lib/python3.11/site-packages/faiss/loader.py:49: DeprecationWarning: numpy.core._multiarray_umath is deprecated and has been renamed to numpy._core._multiarray_umath. The numpy._core namespace contains private NumPy internals and its use is discouraged, as NumPy internals can change without warning in any release. In practice, most real-world usage of numpy.core is to access functionality in the public NumPy API. If that is the case, use the public NumPy API. If not, you are using NumPy internals. If you would still like to access an internal attribute, use numpy._core._multiarray_umath.__cpu_features__.
    from numpy.core._multiarray_umath import __cpu_features__

<frozen importlib._bootstrap>:241
  <frozen importlib._bootstrap>:241: DeprecationWarning: builtin type SwigPyPacked has no __module__ attribute

<frozen importlib._bootstrap>:241
  <frozen importlib._bootstrap>:241: DeprecationWarning: builtin type SwigPyObject has no __module__ attribute

<frozen importlib._bootstrap>:241
  <frozen importlib._bootstrap>:241: DeprecationWarning: builtin type swigvarlink has no __module__ attribute

tests/unit/test_file_processor_security.py:59
  /home/lukeh/Daemon_RAG_Agent_working/tests/unit/test_file_processor_security.py:59: DeprecationWarning: invalid escape sequence '\ '
    """Should block ..\ path traversal on Windows"""

-- Docs: https://docs.pytest.org/en/stable/how-to/capture-warnings.html
[36m[1m=========================== short test summary info ============================[0m
[33mSKIPPED[0m [1] tests/test_memory_coordinator_advanced.py:438: _combine_memories has different signature
[33mSKIPPED[0m [1] tests/test_memory_deep_integration.py:195: Method signature different
[33mSKIPPED[0m [1] tests/test_prompt_builder_methods.py:281: tokenizer_manager not available
[33mSKIPPED[0m [1] tests/test_prompt_builder_methods.py:292: tokenizer_manager not available
[33mSKIPPED[0m [1] tests/test_prompt_builder_methods.py:305: tokenizer_manager not available
[33mSKIPPED[0m [1] tests/test_prompt_internal_methods.py:143: tokenizer_manager not available
[33mSKIPPED[0m [1] tests/test_prompt_internal_methods.py:183: tokenizer_manager not available
[31mERROR[0m tests/test_integration_gate_system.py::[1mtest_gated_prompt_builder_initialization[0m - TypeError: core.prompt.builder.UnifiedPromptBuilder() got multiple values f...
[31mERROR[0m tests/test_integration_gate_system.py::[1mtest_gated_prompt_builder_basic[0m - TypeError: core.prompt.builder.UnifiedPromptBuilder() got multiple values f...
[31mERROR[0m tests/test_integration_gate_system.py::[1mtest_gated_prompt_builder_with_memories[0m - TypeError: core.prompt.builder.UnifiedPromptBuilder() got multiple values f...
[31mERROR[0m tests/test_integration_gate_system.py::[1mtest_gated_prompt_integration_flow[0m - TypeError: core.prompt.builder.UnifiedPromptBuilder() got multiple values f...
[31mERROR[0m tests/test_integration_workflows.py::[1mtest_full_query_workflow[0m - TypeError: MultiCollectionChromaStore.__init__() got an unexpected keyword ...
[31mERROR[0m tests/test_integration_workflows.py::[1mtest_memory_retrieval_with_topics[0m - TypeError: MultiCollectionChromaStore.__init__() got an unexpected keyword ...
[31mERROR[0m tests/test_integration_workflows.py::[1mtest_memory_relevance_scoring[0m - TypeError: MultiCollectionChromaStore.__init__() got an unexpected keyword ...
[31mERROR[0m tests/test_integration_workflows.py::[1mtest_prompt_building_workflow[0m - TypeError: MultiCollectionChromaStore.__init__() got an unexpected keyword ...
[31mERROR[0m tests/test_integration_workflows.py::[1mtest_memory_with_empty_query[0m - TypeError: MultiCollectionChromaStore.__init__() got an unexpected keyword ...
[31mERROR[0m tests/test_integration_workflows.py::[1mtest_memory_with_special_characters[0m - TypeError: MultiCollectionChromaStore.__init__() got an unexpected keyword ...
[31mERROR[0m tests/test_integration_workflows.py::[1mtest_multiple_sequential_interactions[0m - TypeError: MultiCollectionChromaStore.__init__() got an unexpected keyword ...
[31mERROR[0m tests/test_integration_workflows.py::[1mtest_memory_with_long_text[0m - TypeError: MultiCollectionChromaStore.__init__() got an unexpected keyword ...
[31mERROR[0m tests/test_integration_workflows.py::[1mtest_prompt_builder_with_empty_memories[0m - TypeError: MultiCollectionChromaStore.__init__() got an unexpected keyword ...
[31mERROR[0m tests/test_integration_workflows.py::[1mtest_memory_consolidation_trigger[0m - TypeError: MultiCollectionChromaStore.__init__() got an unexpected keyword ...
[31mERROR[0m tests/test_integration_workflows.py::[1mtest_gate_system_integration[0m - TypeError: MultiCollectionChromaStore.__init__() got an unexpected keyword ...
[31mERROR[0m tests/test_integration_workflows.py::[1mtest_memory_with_tags_filtering[0m - TypeError: MultiCollectionChromaStore.__init__() got an unexpected keyword ...
[31mERROR[0m tests/test_integration_workflows.py::[1mtest_concurrent_memory_operations[0m - TypeError: MultiCollectionChromaStore.__init__() got an unexpected keyword ...
[31mERROR[0m tests/test_integration_workflows.py::[1mtest_prompt_builder_token_limiting[0m - TypeError: MultiCollectionChromaStore.__init__() got an unexpected keyword ...
[31mERROR[0m tests/test_integration_workflows.py::[1mtest_memory_recent_retrieval[0m - TypeError: MultiCollectionChromaStore.__init__() got an unexpected keyword ...
[31mERROR[0m tests/test_integration_workflows.py::[1mtest_memory_with_unicode_content[0m - TypeError: MultiCollectionChromaStore.__init__() got an unexpected keyword ...
[31mERROR[0m tests/test_integration_workflows.py::[1mtest_memory_scorer_integration[0m - TypeError: MultiCollectionChromaStore.__init__() got an unexpected keyword ...
[31mERROR[0m tests/test_integration_workflows.py::[1mtest_memory_retrieval_with_config[0m - TypeError: MultiCollectionChromaStore.__init__() got an unexpected keyword ...
[31mFAILED[0m tests/test_edge_cases_comprehensive.py::[1mtest_get_facts_empty_query[0m - AttributeError: 'UnifiedPromptBuilder' object has no attribute 'get_facts'
[31mFAILED[0m tests/test_edge_cases_comprehensive.py::[1mtest_get_facts_unicode[0m - AttributeError: 'UnifiedPromptBuilder' object has no attribute 'get_facts'
[31mFAILED[0m tests/test_gated_prompt.py::[1mtest_gated_builder[0m - AttributeError: 'str' object has no attribute 'keys'
[31mFAILED[0m tests/test_integration_prompt_advanced.py::[1mtest_get_facts[0m - AttributeError: 'UnifiedPromptBuilder' object has no attribute 'get_facts'
[31mFAILED[0m tests/test_integration_prompt_advanced.py::[1mtest_get_recent_facts[0m - AttributeError: 'UnifiedPromptBuilder' object has no attribute 'get_recent_...
[31mFAILED[0m tests/test_integration_prompt_advanced.py::[1mtest_get_token_count[0m - AttributeError: 'NoneType' object has no attribute 'count_tokens'
[31mFAILED[0m tests/test_integration_prompt_builder.py::[1mtest_build_prompt_basic[0m - AssertionError: assert ('current_topic' in {'dreams': [], 'memories': [], '...
[31mFAILED[0m tests/test_integration_prompt_builder.py::[1mtest_build_prompt_with_memories[0m - AssertionError: assert ('current_topic' in {'dreams': [], 'memories': [], '...
[31mFAILED[0m tests/test_integration_prompt_builder.py::[1mtest_build_prompt_with_search_query[0m - AssertionError: assert ('current_topic' in {'dreams': [], 'memories': [], '...
[31mFAILED[0m tests/test_integration_prompt_builder.py::[1mtest_prompt_builder_memory_integration[0m - AssertionError: assert ('current_topic' in {'dreams': [], 'memories': [], '...
[31mFAILED[0m tests/test_integration_workflows.py::[1mtest_time_manager_integration[0m - AssertionError: assert False
[31mFAILED[0m tests/test_integration_workflows.py::[1mtest_model_manager_initialization[0m - assert False
[31mFAILED[0m tests/test_response_generator_comprehensive.py::[1mtest_minmax_normalize_normal[0m - assert 10.0 <= 1.0
[31mFAILED[0m tests/unit/test_file_processor.py::[1mtest_process_files_error_handling[0m - FileNotFoundError: [Errno 2] No such file or directory: '/nonexistent/path/...
[31mFAILED[0m tests/unit/test_file_processor.py::[1mtest_process_single_file_txt[0m - AssertionError: assert ('Hello from text file!', 21) == 'Hello from text fi...
[31mFAILED[0m tests/unit/test_file_processor.py::[1mtest_process_single_file_py[0m - AttributeError: 'tuple' object has no attribute 'startswith'
[31mFAILED[0m tests/unit/test_file_processor.py::[1mtest_process_single_file_csv[0m - AssertionError: assert 'Alice' in ('    name  age\n0  Alice   30\n1    Bob ...
[31mFAILED[0m tests/unit/test_file_processor.py::[1mtest_process_single_file_unsupported[0m - AssertionError: assert 'Unsupported file type' in ('[Unsupported file type:...
[31mFAILED[0m tests/unit/test_file_processor.py::[1mtest_process_single_file_txt_utf8[0m - AssertionError: assert 'Hello' in ('Hello 世界 🌍', 17)
[31mFAILED[0m tests/unit/test_file_processor.py::[1mtest_process_single_file_empty_txt[0m - AssertionError: assert ('[Empty file: empty.txt]', 0) == ''
[31mFAILED[0m tests/unit/test_file_processor.py::[1mtest_process_single_file_empty_csv[0m - AssertionError: assert False
[31mFAILED[0m tests/unit/test_file_processor.py::[1mtest_csv_with_special_characters[0m - assert False
[31mFAILED[0m tests/unit/test_file_processor.py::[1mtest_py_file_with_multiline_code[0m - AssertionError: assert '```python\n' in ('```python\nclass Example:\n    de...
[31mFAILED[0m tests/unit/test_memory_coordinator_methods.py::[1mtest_rank_memories_metadata_none[0m - AttributeError: 'NoneType' object has no attribute 'get'
[31mFAILED[0m tests/unit/test_orchestrator_helpers.py::[1mtest_get_tone_instructions_conversational[0m - assert 'casual conversation' in '\n\n## RESPONSE MODE: CONVERSATIONAL (Natu...
[31m====== [31m[1m25 failed[0m, [32m1392 passed[0m, [33m7 skipped[0m, [33m5 warnings[0m, [31m[1m22 errors[0m[31m in 49.07s[0m[31m ======[0m
